{"meta": {"format": 3, "version": "7.13.4", "timestamp": "2026-03-03T01:36:02.563862", "branch_coverage": false, "show_contexts": false}, "files": {"src/icom_lan/__init__.py": {"executed_lines": [3, 5, 14, 25, 26, 34, 35, 36, 37, 38, 39, 78, 81, 82, 89, 92, 106], "summary": {"covered_lines": 17, "num_statements": 19, "percent_covered": 89.47368421052632, "percent_covered_display": "89", "missing_lines": 2, "excluded_lines": 0, "percent_statements_covered": 89.47368421052632, "percent_statements_covered_display": "89"}, "missing_lines": [90, 91], "excluded_lines": [], "functions": {"": {"executed_lines": [3, 5, 14, 25, 26, 34, 35, 36, 37, 38, 39, 78, 81, 82, 89, 92, 106], "summary": {"covered_lines": 17, "num_statements": 19, "percent_covered": 89.47368421052632, "percent_covered_display": "89", "missing_lines": 2, "excluded_lines": 0, "percent_statements_covered": 89.47368421052632, "percent_statements_covered_display": "89"}, "missing_lines": [90, 91], "excluded_lines": [], "start_line": 1}}, "classes": {"": {"executed_lines": [3, 5, 14, 25, 26, 34, 35, 36, 37, 38, 39, 78, 81, 82, 89, 92, 106], "summary": {"covered_lines": 17, "num_statements": 19, "percent_covered": 89.47368421052632, "percent_covered_display": "89", "missing_lines": 2, "excluded_lines": 0, "percent_statements_covered": 89.47368421052632, "percent_statements_covered_display": "89"}, "missing_lines": [90, 91], "excluded_lines": [], "start_line": 1}}}, "src/icom_lan/__main__.py": {"executed_lines": [], "summary": {"covered_lines": 0, "num_statements": 2, "percent_covered": 0.0, "percent_covered_display": "0", "missing_lines": 2, "excluded_lines": 0, "percent_statements_covered": 0.0, "percent_statements_covered_display": "0"}, "missing_lines": [3, 5], "excluded_lines": [], "functions": {"": {"executed_lines": [], "summary": {"covered_lines": 0, "num_statements": 2, "percent_covered": 0.0, "percent_covered_display": "0", "missing_lines": 2, "excluded_lines": 0, "percent_statements_covered": 0.0, "percent_statements_covered_display": "0"}, "missing_lines": [3, 5], "excluded_lines": [], "start_line": 1}}, "classes": {"": {"executed_lines": [], "summary": {"covered_lines": 0, "num_statements": 2, "percent_covered": 0.0, "percent_covered_display": "0", "missing_lines": 2, "excluded_lines": 0, "percent_statements_covered": 0.0, "percent_statements_covered_display": "0"}, "missing_lines": [3, 5], "excluded_lines": [], "start_line": 1}}}, "src/icom_lan/_audio_recovery.py": {"executed_lines": [3, 5, 6, 7, 8, 10, 15, 18, 21, 22, 23, 26, 27, 30, 31, 32, 33, 34, 35, 36, 39, 42, 47, 48, 50, 51, 54, 58, 62, 68, 73, 79, 89, 94, 95, 97, 98, 99, 100, 101, 108, 109, 114, 115, 116, 117, 125, 126, 127, 128, 129, 131, 132], "summary": {"covered_lines": 53, "num_statements": 55, "percent_covered": 96.36363636363636, "percent_covered_display": "96", "missing_lines": 2, "excluded_lines": 2, "percent_statements_covered": 96.36363636363636, "percent_statements_covered_display": "96"}, "missing_lines": [52, 123], "excluded_lines": [12, 13], "functions": {"_AudioRecoveryMixin._capture_audio_snapshot": {"executed_lines": [47, 48, 50, 51, 54, 58, 62, 68, 73, 79], "summary": {"covered_lines": 10, "num_statements": 11, "percent_covered": 90.9090909090909, "percent_covered_display": "91", "missing_lines": 1, "excluded_lines": 0, "percent_statements_covered": 90.9090909090909, "percent_statements_covered_display": "91"}, "missing_lines": [52], "excluded_lines": [], "start_line": 42}, "_AudioRecoveryMixin._recover_audio": {"executed_lines": [94, 95, 97, 98, 99, 100, 101, 108, 109, 114, 115, 116, 117, 125, 126, 127, 128, 129, 131, 132], "summary": {"covered_lines": 20, "num_statements": 21, "percent_covered": 95.23809523809524, "percent_covered_display": "95", "missing_lines": 1, "excluded_lines": 0, "percent_statements_covered": 95.23809523809524, "percent_statements_covered_display": "95"}, "missing_lines": [123], "excluded_lines": [], "start_line": 89}, "": {"executed_lines": [3, 5, 6, 7, 8, 10, 15, 18, 21, 22, 23, 26, 27, 30, 31, 32, 33, 34, 35, 36, 39, 42, 89], "summary": {"covered_lines": 23, "num_statements": 23, "percent_covered": 100.0, "percent_covered_display": "100", "missing_lines": 0, "excluded_lines": 2, "percent_statements_covered": 100.0, "percent_statements_covered_display": "100"}, "missing_lines": [], "excluded_lines": [12, 13], "start_line": 1}}, "classes": {"AudioRecoveryState": {"executed_lines": [], "summary": {"covered_lines": 0, "num_statements": 0, "percent_covered": 100.0, "percent_covered_display": "100", "missing_lines": 0, "excluded_lines": 0, "percent_statements_covered": 100.0, "percent_statements_covered_display": "100"}, "missing_lines": [], "excluded_lines": [], "start_line": 18}, "_AudioSnapshot": {"executed_lines": [], "summary": {"covered_lines": 0, "num_statements": 0, "percent_covered": 100.0, "percent_covered_display": "100", "missing_lines": 0, "excluded_lines": 0, "percent_statements_covered": 100.0, "percent_statements_covered_display": "100"}, "missing_lines": [], "excluded_lines": [], "start_line": 27}, "_AudioRecoveryMixin": {"executed_lines": [47, 48, 50, 51, 54, 58, 62, 68, 73, 79, 94, 95, 97, 98, 99, 100, 101, 108, 109, 114, 115, 116, 117, 125, 126, 127, 128, 129, 131, 132], "summary": {"covered_lines": 30, "num_statements": 32, "percent_covered": 93.75, "percent_covered_display": "94", "missing_lines": 2, "excluded_lines": 0, "percent_statements_covered": 93.75, "percent_statements_covered_display": "94"}, "missing_lines": [52, 123], "excluded_lines": [], "start_line": 39}, "": {"executed_lines": [3, 5, 6, 7, 8, 10, 15, 18, 21, 22, 23, 26, 27, 30, 31, 32, 33, 34, 35, 36, 39, 42, 89], "summary": {"covered_lines": 23, "num_statements": 23, "percent_covered": 100.0, "percent_covered_display": "100", "missing_lines": 0, "excluded_lines": 2, "percent_statements_covered": 100.0, "percent_statements_covered_display": "100"}, "missing_lines": [], "excluded_lines": [12, 13], "start_line": 1}}}, "src/icom_lan/_audio_transcoder.py": {"executed_lines": [8, 10, 11, 13, 15, 21, 22, 23, 24, 25, 28, 44, 47, 50, 54, 57, 60, 64, 72, 73, 76, 77, 78, 79, 81, 82, 84, 86, 87, 89, 92, 95, 101, 102, 104, 105, 106, 108, 109, 112, 121, 122, 124, 126, 128, 129, 130, 131, 132, 133, 135, 137, 139, 141, 142, 143, 144, 145, 150, 151, 152, 154, 155, 156, 160, 162, 163, 165, 166, 167, 172, 174, 175, 176, 177, 181, 186, 191, 196, 202, 209], "summary": {"covered_lines": 81, "num_statements": 102, "percent_covered": 79.41176470588235, "percent_covered_display": "79", "missing_lines": 21, "excluded_lines": 14, "percent_statements_covered": 79.41176470588235, "percent_statements_covered_display": "79"}, "missing_lines": [48, 51, 52, 55, 58, 61, 65, 66, 67, 68, 69, 115, 116, 134, 140, 153, 164, 182, 187, 192, 197], "excluded_lines": [30, 31, 32, 33, 34, 35, 36, 37, 38, 39, 40, 41, 42, 43], "functions": {"_OpusBackend.create_encoder": {"executed_lines": [], "summary": {"covered_lines": 0, "num_statements": 0, "percent_covered": 100.0, "percent_covered_display": "100", "missing_lines": 0, "excluded_lines": 1, "percent_statements_covered": 100.0, "percent_statements_covered_display": "100"}, "missing_lines": [], "excluded_lines": [32], "start_line": 31}, "_OpusBackend.create_decoder": {"executed_lines": [], "summary": {"covered_lines": 0, "num_statements": 0, "percent_covered": 100.0, "percent_covered_display": "100", "missing_lines": 0, "excluded_lines": 1, "percent_statements_covered": 100.0, "percent_statements_covered_display": "100"}, "missing_lines": [], "excluded_lines": [35], "start_line": 34}, "_OpusBackend.encode": {"executed_lines": [], "summary": {"covered_lines": 0, "num_statements": 0, "percent_covered": 100.0, "percent_covered_display": "100", "missing_lines": 0, "excluded_lines": 1, "percent_statements_covered": 100.0, "percent_statements_covered_display": "100"}, "missing_lines": [], "excluded_lines": [38], "start_line": 37}, "_OpusBackend.decode": {"executed_lines": [], "summary": {"covered_lines": 0, "num_statements": 0, "percent_covered": 100.0, "percent_covered_display": "100", "missing_lines": 0, "excluded_lines": 1, "percent_statements_covered": 100.0, "percent_statements_covered_display": "100"}, "missing_lines": [], "excluded_lines": [41], "start_line": 40}, "_OpuslibBackend.__init__": {"executed_lines": [], "summary": {"covered_lines": 0, "num_statements": 1, "percent_covered": 0.0, "percent_covered_display": "0", "missing_lines": 1, "excluded_lines": 0, "percent_statements_covered": 0.0, "percent_statements_covered_display": "0"}, "missing_lines": [48], "excluded_lines": [], "start_line": 47}, "_OpuslibBackend.create_encoder": {"executed_lines": [], "summary": {"covered_lines": 0, "num_statements": 2, "percent_covered": 0.0, "percent_covered_display": "0", "missing_lines": 2, "excluded_lines": 0, "percent_statements_covered": 0.0, "percent_statements_covered_display": "0"}, "missing_lines": [51, 52], "excluded_lines": [], "start_line": 50}, "_OpuslibBackend.create_decoder": {"executed_lines": [], "summary": {"covered_lines": 0, "num_statements": 1, "percent_covered": 0.0, "percent_covered_display": "0", "missing_lines": 1, "excluded_lines": 0, "percent_statements_covered": 0.0, "percent_statements_covered_display": "0"}, "missing_lines": [55], "excluded_lines": [], "start_line": 54}, "_OpuslibBackend.encode": {"executed_lines": [], "summary": {"covered_lines": 0, "num_statements": 1, "percent_covered": 0.0, "percent_covered_display": "0", "missing_lines": 1, "excluded_lines": 0, "percent_statements_covered": 0.0, "percent_statements_covered_display": "0"}, "missing_lines": [58], "excluded_lines": [], "start_line": 57}, "_OpuslibBackend.decode": {"executed_lines": [], "summary": {"covered_lines": 0, "num_statements": 1, "percent_covered": 0.0, "percent_covered_display": "0", "missing_lines": 1, "excluded_lines": 0, "percent_statements_covered": 0.0, "percent_statements_covered_display": "0"}, "missing_lines": [61], "excluded_lines": [], "start_line": 60}, "_load_default_backend": {"executed_lines": [], "summary": {"covered_lines": 0, "num_statements": 5, "percent_covered": 0.0, "percent_covered_display": "0", "missing_lines": 5, "excluded_lines": 0, "percent_statements_covered": 0.0, "percent_statements_covered_display": "0"}, "missing_lines": [65, 66, 67, 68, 69], "excluded_lines": [], "start_line": 64}, "PcmAudioFormat.frame_samples": {"executed_lines": [84], "summary": {"covered_lines": 1, "num_statements": 1, "percent_covered": 100.0, "percent_covered_display": "100", "missing_lines": 0, "excluded_lines": 0, "percent_statements_covered": 100.0, "percent_statements_covered_display": "100"}, "missing_lines": [], "excluded_lines": [], "start_line": 82}, "PcmAudioFormat.frame_bytes": {"executed_lines": [89], "summary": {"covered_lines": 1, "num_statements": 1, "percent_covered": 100.0, "percent_covered_display": "100", "missing_lines": 0, "excluded_lines": 0, "percent_statements_covered": 100.0, "percent_statements_covered_display": "100"}, "missing_lines": [], "excluded_lines": [], "start_line": 87}, "PcmOpusTranscoder.__init__": {"executed_lines": [101, 102, 104, 105, 106, 108, 109, 112], "summary": {"covered_lines": 8, "num_statements": 10, "percent_covered": 80.0, "percent_covered_display": "80", "missing_lines": 2, "excluded_lines": 0, "percent_statements_covered": 80.0, "percent_statements_covered_display": "80"}, "missing_lines": [115, 116], "excluded_lines": [], "start_line": 95}, "PcmOpusTranscoder.fmt": {"executed_lines": [124], "summary": {"covered_lines": 1, "num_statements": 1, "percent_covered": 100.0, "percent_covered_display": "100", "missing_lines": 0, "excluded_lines": 0, "percent_statements_covered": 100.0, "percent_statements_covered_display": "100"}, "missing_lines": [], "excluded_lines": [], "start_line": 122}, "PcmOpusTranscoder.pcm_to_opus": {"executed_lines": [128, 129, 130, 131, 132, 133, 135], "summary": {"covered_lines": 7, "num_statements": 8, "percent_covered": 87.5, "percent_covered_display": "88", "missing_lines": 1, "excluded_lines": 0, "percent_statements_covered": 87.5, "percent_statements_covered_display": "88"}, "missing_lines": [134], "excluded_lines": [], "start_line": 126}, "PcmOpusTranscoder.opus_to_pcm": {"executed_lines": [139, 141, 142, 143, 144, 145, 150, 151, 152, 154, 155, 156, 160], "summary": {"covered_lines": 13, "num_statements": 15, "percent_covered": 86.66666666666667, "percent_covered_display": "87", "missing_lines": 2, "excluded_lines": 0, "percent_statements_covered": 86.66666666666667, "percent_statements_covered_display": "87"}, "missing_lines": [140, 153], "excluded_lines": [], "start_line": 137}, "PcmOpusTranscoder._coerce_pcm_frame": {"executed_lines": [163, 165, 166, 167, 172], "summary": {"covered_lines": 5, "num_statements": 6, "percent_covered": 83.33333333333333, "percent_covered_display": "83", "missing_lines": 1, "excluded_lines": 0, "percent_statements_covered": 83.33333333333333, "percent_statements_covered_display": "83"}, "missing_lines": [164], "excluded_lines": [], "start_line": 162}, "PcmOpusTranscoder._validate_format": {"executed_lines": [176, 177, 181, 186, 191, 196], "summary": {"covered_lines": 6, "num_statements": 10, "percent_covered": 60.0, "percent_covered_display": "60", "missing_lines": 4, "excluded_lines": 0, "percent_statements_covered": 60.0, "percent_statements_covered_display": "60"}, "missing_lines": [182, 187, 192, 197], "excluded_lines": [], "start_line": 175}, "create_pcm_opus_transcoder": {"executed_lines": [209], "summary": {"covered_lines": 1, "num_statements": 1, "percent_covered": 100.0, "percent_covered_display": "100", "missing_lines": 0, "excluded_lines": 0, "percent_statements_covered": 100.0, "percent_statements_covered_display": "100"}, "missing_lines": [], "excluded_lines": [], "start_line": 202}, "": {"executed_lines": [8, 10, 11, 13, 15, 21, 22, 23, 24, 25, 28, 44, 47, 50, 54, 57, 60, 64, 72, 73, 76, 77, 78, 79, 81, 82, 86, 87, 92, 95, 121, 122, 126, 137, 162, 174, 175, 202], "summary": {"covered_lines": 38, "num_statements": 38, "percent_covered": 100.0, "percent_covered_display": "100", "missing_lines": 0, "excluded_lines": 10, "percent_statements_covered": 100.0, "percent_statements_covered_display": "100"}, "missing_lines": [], "excluded_lines": [30, 31, 33, 34, 36, 37, 39, 40, 42, 43], "start_line": 1}}, "classes": {"_OpusBackend": {"executed_lines": [], "summary": {"covered_lines": 0, "num_statements": 0, "percent_covered": 100.0, "percent_covered_display": "100", "missing_lines": 0, "excluded_lines": 4, "percent_statements_covered": 100.0, "percent_statements_covered_display": "100"}, "missing_lines": [], "excluded_lines": [32, 35, 38, 41], "start_line": 28}, "_OpuslibBackend": {"executed_lines": [], "summary": {"covered_lines": 0, "num_statements": 6, "percent_covered": 0.0, "percent_covered_display": "0", "missing_lines": 6, "excluded_lines": 0, "percent_statements_covered": 0.0, "percent_statements_covered_display": "0"}, "missing_lines": [48, 51, 52, 55, 58, 61], "excluded_lines": [], "start_line": 44}, "PcmAudioFormat": {"executed_lines": [84, 89], "summary": {"covered_lines": 2, "num_statements": 2, "percent_covered": 100.0, "percent_covered_display": "100", "missing_lines": 0, "excluded_lines": 0, "percent_statements_covered": 100.0, "percent_statements_covered_display": "100"}, "missing_lines": [], "excluded_lines": [], "start_line": 73}, "PcmOpusTranscoder": {"executed_lines": [101, 102, 104, 105, 106, 108, 109, 112, 124, 128, 129, 130, 131, 132, 133, 135, 139, 141, 142, 143, 144, 145, 150, 151, 152, 154, 155, 156, 160, 163, 165, 166, 167, 172, 176, 177, 181, 186, 191, 196], "summary": {"covered_lines": 40, "num_statements": 50, "percent_covered": 80.0, "percent_covered_display": "80", "missing_lines": 10, "excluded_lines": 0, "percent_statements_covered": 80.0, "percent_statements_covered_display": "80"}, "missing_lines": [115, 116, 134, 140, 153, 164, 182, 187, 192, 197], "excluded_lines": [], "start_line": 92}, "": {"executed_lines": [8, 10, 11, 13, 15, 21, 22, 23, 24, 25, 28, 44, 47, 50, 54, 57, 60, 64, 72, 73, 76, 77, 78, 79, 81, 82, 86, 87, 92, 95, 121, 122, 126, 137, 162, 174, 175, 202, 209], "summary": {"covered_lines": 39, "num_statements": 44, "percent_covered": 88.63636363636364, "percent_covered_display": "89", "missing_lines": 5, "excluded_lines": 10, "percent_statements_covered": 88.63636363636364, "percent_statements_covered_display": "89"}, "missing_lines": [65, 66, 67, 68, 69], "excluded_lines": [30, 31, 33, 34, 36, 37, 39, 40, 42, 43], "start_line": 1}}}, "src/icom_lan/_civ_rx.py": {"executed_lines": [3, 5, 6, 7, 8, 10, 16, 17, 23, 24, 25, 30, 32, 36, 37, 40, 47, 49, 53, 55, 56, 60, 61, 62, 63, 70, 72, 73, 77, 79, 82, 86, 87, 88, 91, 97, 108, 113, 116, 118, 120, 121, 122, 123, 124, 125, 126, 127, 129, 138, 139, 140, 141, 142, 143, 144, 145, 146, 151, 152, 155, 156, 219, 222, 223, 225, 232, 239, 246, 247, 248, 249, 251, 252, 253, 254, 255, 261, 262, 263, 264, 271, 274, 275, 277, 278, 279, 280, 283, 284, 289, 290, 291, 293, 295, 299, 302, 303, 309, 310, 311, 312, 313, 320, 321, 322, 323, 325, 326, 327, 328, 330, 332, 334, 335, 337, 347, 348, 349, 350, 351, 352, 353, 354, 356, 357, 358, 359, 361, 362, 363, 364, 366, 367, 368, 369, 370, 372, 373, 374, 375, 380, 381, 382, 383, 387, 388, 389, 391, 392, 393, 394, 395, 396, 397, 398, 399, 401, 402, 411, 412, 413, 414, 415, 416, 417, 418, 420, 421, 422, 425, 426, 427, 428, 429, 430, 431, 432, 434, 436, 437, 440, 441, 442, 443, 444, 448, 450, 456, 457, 458, 613, 615, 616, 623, 625, 627, 628, 633, 634, 635, 636, 637, 638, 639, 641, 643, 648, 654, 656, 657, 658, 659, 663, 665, 667, 668, 674, 676, 677, 679, 681, 683, 684, 685, 686, 687, 688, 689, 690, 691, 692, 693, 694, 695, 697, 708, 709, 711, 713, 714, 716, 718, 727, 728, 730, 731, 732, 733, 734, 735, 737, 739, 745, 746, 761, 768, 769, 771, 772, 773, 774, 775, 777, 779, 780, 783, 784, 785, 786, 789, 792, 793, 794, 795, 797, 798, 799, 800, 801, 802, 803, 805, 806, 808, 810, 811, 814, 815, 817, 818, 820, 821, 823, 826, 829, 830, 831, 832, 834, 835, 836, 837, 838, 839, 841, 842, 843, 844, 845, 849, 851, 852], "summary": {"covered_lines": 313, "num_statements": 506, "percent_covered": 61.85770750988142, "percent_covered_display": "62", "missing_lines": 193, "excluded_lines": 2, "percent_statements_covered": 61.85770750988142, "percent_statements_covered_display": "62"}, "missing_lines": [64, 89, 90, 112, 153, 157, 158, 159, 160, 161, 167, 168, 170, 172, 174, 175, 176, 177, 183, 184, 186, 191, 192, 193, 194, 195, 196, 197, 201, 202, 207, 208, 209, 210, 211, 212, 213, 217, 220, 221, 233, 265, 266, 267, 268, 276, 281, 282, 285, 286, 296, 300, 390, 403, 404, 405, 406, 407, 408, 409, 410, 423, 424, 433, 435, 438, 439, 445, 446, 459, 462, 463, 465, 466, 468, 470, 472, 474, 476, 477, 478, 479, 480, 482, 487, 488, 489, 490, 491, 493, 498, 499, 500, 501, 502, 503, 504, 505, 506, 507, 509, 511, 512, 513, 517, 519, 521, 522, 523, 527, 528, 529, 530, 531, 532, 533, 534, 535, 537, 539, 540, 541, 543, 546, 547, 548, 549, 550, 551, 552, 553, 554, 555, 556, 557, 558, 559, 560, 561, 562, 564, 565, 566, 570, 571, 572, 574, 576, 577, 579, 581, 582, 584, 586, 587, 588, 589, 591, 592, 593, 594, 595, 598, 600, 601, 602, 603, 606, 610, 611, 617, 618, 619, 620, 621, 629, 630, 631, 632, 644, 645, 646, 647, 715, 748, 749, 753, 755, 756, 757, 812, 822, 840], "excluded_lines": [27, 28], "functions": {"_CivRxMixin._advance_civ_generation": {"executed_lines": [49], "summary": {"covered_lines": 1, "num_statements": 1, "percent_covered": 100.0, "percent_covered_display": "100", "missing_lines": 0, "excluded_lines": 0, "percent_statements_covered": 100.0, "percent_statements_covered_display": "100"}, "missing_lines": [], "excluded_lines": [], "start_line": 47}, "_CivRxMixin._cleanup_stale_civ_waiters": {"executed_lines": [55, 56, 60, 61, 62, 63], "summary": {"covered_lines": 6, "num_statements": 7, "percent_covered": 85.71428571428571, "percent_covered_display": "86", "missing_lines": 1, "excluded_lines": 0, "percent_statements_covered": 85.71428571428571, "percent_statements_covered_display": "86"}, "missing_lines": [64], "excluded_lines": [], "start_line": 53}, "_CivRxMixin._start_civ_rx_pump": {"executed_lines": [72, 73], "summary": {"covered_lines": 2, "num_statements": 2, "percent_covered": 100.0, "percent_covered_display": "100", "missing_lines": 0, "excluded_lines": 0, "percent_statements_covered": 100.0, "percent_statements_covered_display": "100"}, "missing_lines": [], "excluded_lines": [], "start_line": 70}, "_CivRxMixin._stop_civ_rx_pump": {"executed_lines": [79, 82, 86, 87, 88, 91], "summary": {"covered_lines": 6, "num_statements": 8, "percent_covered": 75.0, "percent_covered_display": "75", "missing_lines": 2, "excluded_lines": 0, "percent_statements_covered": 75.0, "percent_statements_covered_display": "75"}, "missing_lines": [89, 90], "excluded_lines": [], "start_line": 77}, "_CivRxMixin._start_civ_data_watchdog": {"executed_lines": [108, 113, 116], "summary": {"covered_lines": 3, "num_statements": 4, "percent_covered": 75.0, "percent_covered_display": "75", "missing_lines": 1, "excluded_lines": 0, "percent_statements_covered": 75.0, "percent_statements_covered_display": "75"}, "missing_lines": [112], "excluded_lines": [], "start_line": 97}, "_CivRxMixin._stop_civ_data_watchdog": {"executed_lines": [120, 121, 122, 123, 124, 125, 126, 127], "summary": {"covered_lines": 8, "num_statements": 8, "percent_covered": 100.0, "percent_covered_display": "100", "missing_lines": 0, "excluded_lines": 0, "percent_statements_covered": 100.0, "percent_statements_covered_display": "100"}, "missing_lines": [], "excluded_lines": [], "start_line": 118}, "_CivRxMixin._civ_data_watchdog_loop": {"executed_lines": [138, 139, 140, 141, 142, 143, 144, 145, 146, 151, 152, 155, 156, 219, 222, 223], "summary": {"covered_lines": 16, "num_statements": 52, "percent_covered": 30.76923076923077, "percent_covered_display": "31", "missing_lines": 36, "excluded_lines": 0, "percent_statements_covered": 30.76923076923077, "percent_statements_covered_display": "31"}, "missing_lines": [153, 157, 158, 159, 160, 161, 167, 168, 170, 172, 174, 175, 176, 177, 183, 184, 186, 191, 192, 193, 194, 195, 196, 197, 201, 202, 207, 208, 209, 210, 211, 212, 213, 217, 220, 221], "excluded_lines": [], "start_line": 129}, "_CivRxMixin._ensure_civ_runtime": {"executed_lines": [232], "summary": {"covered_lines": 1, "num_statements": 2, "percent_covered": 50.0, "percent_covered_display": "50", "missing_lines": 1, "excluded_lines": 0, "percent_statements_covered": 50.0, "percent_statements_covered_display": "50"}, "missing_lines": [233], "excluded_lines": [], "start_line": 225}, "_CivRxMixin._civ_rx_loop": {"executed_lines": [246, 247, 248, 249, 251, 252, 253, 254, 255, 261, 262, 263, 264, 271, 274, 275, 277, 278, 279, 280, 283, 284, 289, 290, 291], "summary": {"covered_lines": 25, "num_statements": 34, "percent_covered": 73.52941176470588, "percent_covered_display": "74", "missing_lines": 9, "excluded_lines": 0, "percent_statements_covered": 73.52941176470588, "percent_statements_covered_display": "74"}, "missing_lines": [265, 266, 267, 268, 276, 281, 282, 285, 286], "excluded_lines": [], "start_line": 239}, "_CivRxMixin._route_civ_frame": {"executed_lines": [295, 299, 302, 303, 309, 310, 311, 312, 313, 320, 321, 322, 323, 325, 326, 327, 328, 330, 332, 334, 335], "summary": {"covered_lines": 21, "num_statements": 23, "percent_covered": 91.30434782608695, "percent_covered_display": "91", "missing_lines": 2, "excluded_lines": 0, "percent_statements_covered": 91.30434782608695, "percent_statements_covered_display": "91"}, "missing_lines": [296, 300], "excluded_lines": [], "start_line": 293}, "_CivRxMixin._update_state_cache_from_frame": {"executed_lines": [347, 348, 349, 350, 351, 352, 353, 354, 356, 357, 358, 359, 361, 362, 363, 364, 366, 367, 368, 369, 370, 372, 373, 374, 375, 380, 381, 382, 383, 387, 388, 389, 391, 392, 393, 394, 395, 396, 397, 398, 399, 401, 402, 411, 412, 413, 414, 415, 416, 417, 418, 420, 421, 422, 425, 426, 427, 428, 429, 430, 431, 432, 434, 436, 437, 440, 441, 442, 443, 444, 448], "summary": {"covered_lines": 71, "num_statements": 88, "percent_covered": 80.68181818181819, "percent_covered_display": "81", "missing_lines": 17, "excluded_lines": 0, "percent_statements_covered": 80.68181818181819, "percent_statements_covered_display": "81"}, "missing_lines": [390, 403, 404, 405, 406, 407, 408, 409, 410, 423, 424, 433, 435, 438, 439, 445, 446], "excluded_lines": [], "start_line": 337}, "_CivRxMixin._update_radio_state_from_frame": {"executed_lines": [456, 457, 458], "summary": {"covered_lines": 3, "num_statements": 104, "percent_covered": 2.8846153846153846, "percent_covered_display": "3", "missing_lines": 101, "excluded_lines": 0, "percent_statements_covered": 2.8846153846153846, "percent_statements_covered_display": "3"}, "missing_lines": [459, 462, 463, 465, 466, 468, 470, 472, 474, 476, 477, 478, 479, 480, 482, 487, 488, 489, 490, 491, 493, 498, 499, 500, 501, 502, 503, 504, 505, 506, 507, 509, 511, 512, 513, 517, 519, 521, 522, 523, 527, 528, 529, 530, 531, 532, 533, 534, 535, 537, 539, 540, 541, 543, 546, 547, 548, 549, 550, 551, 552, 553, 554, 555, 556, 557, 558, 559, 560, 561, 562, 564, 565, 566, 570, 571, 572, 574, 576, 577, 579, 581, 582, 584, 586, 587, 588, 589, 591, 592, 593, 594, 595, 598, 600, 601, 602, 603, 606, 610, 611], "excluded_lines": [], "start_line": 450}, "_CivRxMixin._notify_change": {"executed_lines": [615, 616, 623], "summary": {"covered_lines": 3, "num_statements": 8, "percent_covered": 37.5, "percent_covered_display": "38", "missing_lines": 5, "excluded_lines": 0, "percent_statements_covered": 37.5, "percent_statements_covered_display": "38"}, "missing_lines": [617, 618, 619, 620, 621], "excluded_lines": [], "start_line": 613}, "_CivRxMixin._publish_scope_frame": {"executed_lines": [627, 628, 633, 634, 635, 636, 637, 638, 639], "summary": {"covered_lines": 9, "num_statements": 13, "percent_covered": 69.23076923076923, "percent_covered_display": "69", "missing_lines": 4, "excluded_lines": 0, "percent_statements_covered": 69.23076923076923, "percent_statements_covered_display": "69"}, "missing_lines": [629, 630, 631, 632], "excluded_lines": [], "start_line": 625}, "_CivRxMixin._publish_civ_event": {"executed_lines": [643, 648], "summary": {"covered_lines": 2, "num_statements": 6, "percent_covered": 33.333333333333336, "percent_covered_display": "33", "missing_lines": 4, "excluded_lines": 0, "percent_statements_covered": 33.333333333333336, "percent_statements_covered_display": "33"}, "missing_lines": [644, 645, 646, 647], "excluded_lines": [], "start_line": 641}, "_CivRxMixin._start_civ_worker": {"executed_lines": [656, 657, 658, 659, 663], "summary": {"covered_lines": 5, "num_statements": 5, "percent_covered": 100.0, "percent_covered_display": "100", "missing_lines": 0, "excluded_lines": 0, "percent_statements_covered": 100.0, "percent_statements_covered_display": "100"}, "missing_lines": [], "excluded_lines": [], "start_line": 654}, "_CivRxMixin._stop_civ_worker": {"executed_lines": [667, 668], "summary": {"covered_lines": 2, "num_statements": 2, "percent_covered": 100.0, "percent_covered_display": "100", "missing_lines": 0, "excluded_lines": 0, "percent_statements_covered": 100.0, "percent_statements_covered_display": "100"}, "missing_lines": [], "excluded_lines": [], "start_line": 665}, "_CivRxMixin._check_connected": {"executed_lines": [676, 677], "summary": {"covered_lines": 2, "num_statements": 2, "percent_covered": 100.0, "percent_covered_display": "100", "missing_lines": 0, "excluded_lines": 0, "percent_statements_covered": 100.0, "percent_statements_covered_display": "100"}, "missing_lines": [], "excluded_lines": [], "start_line": 674}, "_CivRxMixin._wrap_civ": {"executed_lines": [681, 683, 684, 685, 686, 687, 688, 689, 690, 691, 692, 693, 694, 695], "summary": {"covered_lines": 14, "num_statements": 14, "percent_covered": 100.0, "percent_covered_display": "100", "missing_lines": 0, "excluded_lines": 0, "percent_statements_covered": 100.0, "percent_statements_covered_display": "100"}, "missing_lines": [], "excluded_lines": [], "start_line": 679}, "_CivRxMixin._send_civ_raw": {"executed_lines": [708, 709, 711, 713, 714, 716, 718], "summary": {"covered_lines": 7, "num_statements": 8, "percent_covered": 87.5, "percent_covered_display": "88", "missing_lines": 1, "excluded_lines": 0, "percent_statements_covered": 87.5, "percent_statements_covered_display": "88"}, "missing_lines": [715], "excluded_lines": [], "start_line": 697}, "_CivRxMixin._civ_expects_response": {"executed_lines": [730, 731, 732, 733, 734, 735, 737], "summary": {"covered_lines": 7, "num_statements": 7, "percent_covered": 100.0, "percent_covered_display": "100", "missing_lines": 0, "excluded_lines": 0, "percent_statements_covered": 100.0, "percent_statements_covered_display": "100"}, "missing_lines": [], "excluded_lines": [], "start_line": 728}, "_CivRxMixin._drain_ack_sinks_before_blocking": {"executed_lines": [745, 746], "summary": {"covered_lines": 2, "num_statements": 8, "percent_covered": 25.0, "percent_covered_display": "25", "missing_lines": 6, "excluded_lines": 0, "percent_statements_covered": 25.0, "percent_statements_covered_display": "25"}, "missing_lines": [748, 749, 753, 755, 756, 757], "excluded_lines": [], "start_line": 739}, "_CivRxMixin._execute_civ_raw": {"executed_lines": [768, 769, 771, 772, 773, 774, 775, 777, 779, 780, 783, 784, 785, 786, 789, 792, 793, 794, 795, 797, 798, 799, 800, 801, 802, 803, 805, 806, 808, 810, 811, 814, 815, 817, 818, 820, 821, 823, 826, 829, 830, 831, 832, 834, 835, 836, 837, 838, 839, 841, 842, 843, 844, 845, 849, 851, 852], "summary": {"covered_lines": 57, "num_statements": 60, "percent_covered": 95.0, "percent_covered_display": "95", "missing_lines": 3, "excluded_lines": 0, "percent_statements_covered": 95.0, "percent_statements_covered_display": "95"}, "missing_lines": [812, 822, 840], "excluded_lines": [], "start_line": 761}, "": {"executed_lines": [3, 5, 6, 7, 8, 10, 16, 17, 23, 24, 25, 30, 32, 36, 37, 40, 47, 53, 70, 77, 97, 118, 129, 225, 239, 293, 337, 450, 613, 625, 641, 654, 665, 674, 679, 697, 727, 728, 739, 761], "summary": {"covered_lines": 40, "num_statements": 40, "percent_covered": 100.0, "percent_covered_display": "100", "missing_lines": 0, "excluded_lines": 2, "percent_statements_covered": 100.0, "percent_statements_covered_display": "100"}, "missing_lines": [], "excluded_lines": [27, 28], "start_line": 1}}, "classes": {"_CivRxMixin": {"executed_lines": [49, 55, 56, 60, 61, 62, 63, 72, 73, 79, 82, 86, 87, 88, 91, 108, 113, 116, 120, 121, 122, 123, 124, 125, 126, 127, 138, 139, 140, 141, 142, 143, 144, 145, 146, 151, 152, 155, 156, 219, 222, 223, 232, 246, 247, 248, 249, 251, 252, 253, 254, 255, 261, 262, 263, 264, 271, 274, 275, 277, 278, 279, 280, 283, 284, 289, 290, 291, 295, 299, 302, 303, 309, 310, 311, 312, 313, 320, 321, 322, 323, 325, 326, 327, 328, 330, 332, 334, 335, 347, 348, 349, 350, 351, 352, 353, 354, 356, 357, 358, 359, 361, 362, 363, 364, 366, 367, 368, 369, 370, 372, 373, 374, 375, 380, 381, 382, 383, 387, 388, 389, 391, 392, 393, 394, 395, 396, 397, 398, 399, 401, 402, 411, 412, 413, 414, 415, 416, 417, 418, 420, 421, 422, 425, 426, 427, 428, 429, 430, 431, 432, 434, 436, 437, 440, 441, 442, 443, 444, 448, 456, 457, 458, 615, 616, 623, 627, 628, 633, 634, 635, 636, 637, 638, 639, 643, 648, 656, 657, 658, 659, 663, 667, 668, 676, 677, 681, 683, 684, 685, 686, 687, 688, 689, 690, 691, 692, 693, 694, 695, 708, 709, 711, 713, 714, 716, 718, 730, 731, 732, 733, 734, 735, 737, 745, 746, 768, 769, 771, 772, 773, 774, 775, 777, 779, 780, 783, 784, 785, 786, 789, 792, 793, 794, 795, 797, 798, 799, 800, 801, 802, 803, 805, 806, 808, 810, 811, 814, 815, 817, 818, 820, 821, 823, 826, 829, 830, 831, 832, 834, 835, 836, 837, 838, 839, 841, 842, 843, 844, 845, 849, 851, 852], "summary": {"covered_lines": 273, "num_statements": 466, "percent_covered": 58.58369098712446, "percent_covered_display": "59", "missing_lines": 193, "excluded_lines": 0, "percent_statements_covered": 58.58369098712446, "percent_statements_covered_display": "59"}, "missing_lines": [64, 89, 90, 112, 153, 157, 158, 159, 160, 161, 167, 168, 170, 172, 174, 175, 176, 177, 183, 184, 186, 191, 192, 193, 194, 195, 196, 197, 201, 202, 207, 208, 209, 210, 211, 212, 213, 217, 220, 221, 233, 265, 266, 267, 268, 276, 281, 282, 285, 286, 296, 300, 390, 403, 404, 405, 406, 407, 408, 409, 410, 423, 424, 433, 435, 438, 439, 445, 446, 459, 462, 463, 465, 466, 468, 470, 472, 474, 476, 477, 478, 479, 480, 482, 487, 488, 489, 490, 491, 493, 498, 499, 500, 501, 502, 503, 504, 505, 506, 507, 509, 511, 512, 513, 517, 519, 521, 522, 523, 527, 528, 529, 530, 531, 532, 533, 534, 535, 537, 539, 540, 541, 543, 546, 547, 548, 549, 550, 551, 552, 553, 554, 555, 556, 557, 558, 559, 560, 561, 562, 564, 565, 566, 570, 571, 572, 574, 576, 577, 579, 581, 582, 584, 586, 587, 588, 589, 591, 592, 593, 594, 595, 598, 600, 601, 602, 603, 606, 610, 611, 617, 618, 619, 620, 621, 629, 630, 631, 632, 644, 645, 646, 647, 715, 748, 749, 753, 755, 756, 757, 812, 822, 840], "excluded_lines": [], "start_line": 40}, "": {"executed_lines": [3, 5, 6, 7, 8, 10, 16, 17, 23, 24, 25, 30, 32, 36, 37, 40, 47, 53, 70, 77, 97, 118, 129, 225, 239, 293, 337, 450, 613, 625, 641, 654, 665, 674, 679, 697, 727, 728, 739, 761], "summary": {"covered_lines": 40, "num_statements": 40, "percent_covered": 100.0, "percent_covered_display": "100", "missing_lines": 0, "excluded_lines": 2, "percent_statements_covered": 100.0, "percent_statements_covered_display": "100"}, "missing_lines": [], "excluded_lines": [27, 28], "start_line": 1}}}, "src/icom_lan/_connection_state.py": {"executed_lines": [3, 5, 7, 10, 28, 29, 31, 32, 34, 35, 37, 38, 40, 41], "summary": {"covered_lines": 14, "num_statements": 14, "percent_covered": 100.0, "percent_covered_display": "100", "missing_lines": 0, "excluded_lines": 0, "percent_statements_covered": 100.0, "percent_statements_covered_display": "100"}, "missing_lines": [], "excluded_lines": [], "functions": {"": {"executed_lines": [3, 5, 7, 10, 28, 29, 31, 32, 34, 35, 37, 38, 40, 41], "summary": {"covered_lines": 14, "num_statements": 14, "percent_covered": 100.0, "percent_covered_display": "100", "missing_lines": 0, "excluded_lines": 0, "percent_statements_covered": 100.0, "percent_statements_covered_display": "100"}, "missing_lines": [], "excluded_lines": [], "start_line": 1}}, "classes": {"RadioConnectionState": {"executed_lines": [], "summary": {"covered_lines": 0, "num_statements": 0, "percent_covered": 100.0, "percent_covered_display": "100", "missing_lines": 0, "excluded_lines": 0, "percent_statements_covered": 100.0, "percent_statements_covered_display": "100"}, "missing_lines": [], "excluded_lines": [], "start_line": 10}, "": {"executed_lines": [3, 5, 7, 10, 28, 29, 31, 32, 34, 35, 37, 38, 40, 41], "summary": {"covered_lines": 14, "num_statements": 14, "percent_covered": 100.0, "percent_covered_display": "100", "missing_lines": 0, "excluded_lines": 0, "percent_statements_covered": 100.0, "percent_statements_covered_display": "100"}, "missing_lines": [], "excluded_lines": [], "start_line": 1}}}, "src/icom_lan/_control_phase.py": {"executed_lines": [3, 5, 6, 7, 8, 9, 11, 16, 17, 18, 20, 23, 24, 25, 26, 29, 33, 34, 35, 36, 42, 57, 61, 62, 63, 66, 67, 72, 73, 76, 82, 83, 88, 89, 90, 93, 94, 95, 103, 106, 109, 110, 111, 112, 113, 114, 115, 116, 117, 127, 128, 130, 131, 132, 136, 137, 138, 139, 143, 153, 154, 155, 165, 166, 170, 175, 178, 179, 181, 182, 183, 184, 185, 186, 187, 188, 189, 191, 192, 203, 212, 213, 214, 215, 216, 217, 218, 219, 220, 221, 222, 223, 224, 225, 227, 229, 230, 231, 232, 233, 234, 235, 236, 237, 238, 239, 241, 248, 265, 266, 267, 273, 279, 280, 281, 283, 284, 285, 286, 289, 290, 292, 293, 294, 295, 301, 302, 303, 304, 305, 306, 307, 310, 311, 312, 314, 316, 318, 319, 320, 325, 327, 338, 353, 354, 355, 356, 357, 358, 359, 360, 361, 363, 367, 368, 369, 370, 372, 373, 374, 375, 376, 377, 378, 382, 383, 385, 386, 387, 388, 389, 390, 391, 392, 398, 400, 404, 406, 408, 412, 413, 415, 417, 418, 419, 420, 422, 423, 424, 427, 428, 430, 438, 439, 440, 441, 442, 443, 444, 445, 446, 447, 448, 449, 450, 451, 457, 459, 463, 465, 467, 471, 472, 474, 476, 480, 481], "summary": {"covered_lines": 217, "num_statements": 236, "percent_covered": 91.94915254237289, "percent_covered_display": "92", "missing_lines": 19, "excluded_lines": 0, "percent_statements_covered": 91.94915254237289, "percent_statements_covered_display": "92"}, "missing_lines": [64, 68, 144, 145, 146, 147, 148, 159, 160, 161, 190, 329, 330, 331, 336, 371, 421, 425, 426], "excluded_lines": [], "functions": {"_ControlPhaseMixin.connect": {"executed_lines": [57, 61, 62, 63, 66, 67, 72, 73, 76, 82, 83, 88, 89, 90, 93, 94, 95, 103, 106, 109, 110, 111, 112, 113, 114, 115, 116, 117, 127, 128, 130, 131, 132, 136, 137, 138, 139, 143, 153, 154, 155, 165, 166, 170, 175, 178, 179, 181, 182, 183, 184, 185, 186, 187, 188, 189, 191, 192], "summary": {"covered_lines": 58, "num_statements": 69, "percent_covered": 84.05797101449275, "percent_covered_display": "84", "missing_lines": 11, "excluded_lines": 0, "percent_statements_covered": 84.05797101449275, "percent_statements_covered_display": "84"}, "missing_lines": [64, 68, 144, 145, 146, 147, 148, 159, 160, 161, 190], "excluded_lines": [], "start_line": 42}, "_ControlPhaseMixin._send_token_ack": {"executed_lines": [212, 213, 214, 215, 216, 217, 218, 219, 220, 221, 222, 223, 224, 225], "summary": {"covered_lines": 14, "num_statements": 14, "percent_covered": 100.0, "percent_covered_display": "100", "missing_lines": 0, "excluded_lines": 0, "percent_statements_covered": 100.0, "percent_statements_covered_display": "100"}, "missing_lines": [], "excluded_lines": [], "start_line": 203}, "_ControlPhaseMixin._receive_guid": {"executed_lines": [229, 230, 231, 232, 233, 234, 235, 236, 237, 238, 239], "summary": {"covered_lines": 11, "num_statements": 11, "percent_covered": 100.0, "percent_covered_display": "100", "missing_lines": 0, "excluded_lines": 0, "percent_statements_covered": 100.0, "percent_statements_covered_display": "100"}, "missing_lines": [], "excluded_lines": [], "start_line": 227}, "_ControlPhaseMixin._send_conninfo": {"executed_lines": [248, 265, 266, 267], "summary": {"covered_lines": 4, "num_statements": 4, "percent_covered": 100.0, "percent_covered_display": "100", "missing_lines": 0, "excluded_lines": 0, "percent_statements_covered": 100.0, "percent_statements_covered_display": "100"}, "missing_lines": [], "excluded_lines": [], "start_line": 241}, "_ControlPhaseMixin._receive_civ_port": {"executed_lines": [279, 280, 281, 283, 284, 285, 286, 289, 290, 292, 293, 294, 295, 301, 302, 303, 304, 305, 306, 307, 310, 311, 312, 314], "summary": {"covered_lines": 24, "num_statements": 24, "percent_covered": 100.0, "percent_covered_display": "100", "missing_lines": 0, "excluded_lines": 0, "percent_statements_covered": 100.0, "percent_statements_covered_display": "100"}, "missing_lines": [], "excluded_lines": [], "start_line": 273}, "_ControlPhaseMixin._send_open_close": {"executed_lines": [318, 319, 320, 325], "summary": {"covered_lines": 4, "num_statements": 4, "percent_covered": 100.0, "percent_covered_display": "100", "missing_lines": 0, "excluded_lines": 0, "percent_statements_covered": 100.0, "percent_statements_covered_display": "100"}, "missing_lines": [], "excluded_lines": [], "start_line": 316}, "_ControlPhaseMixin._send_audio_open_close": {"executed_lines": [], "summary": {"covered_lines": 0, "num_statements": 4, "percent_covered": 0.0, "percent_covered_display": "0", "missing_lines": 4, "excluded_lines": 0, "percent_statements_covered": 0.0, "percent_statements_covered_display": "0"}, "missing_lines": [329, 330, 331, 336], "excluded_lines": [], "start_line": 327}, "_ControlPhaseMixin._send_open_close_on_transport": {"executed_lines": [353, 354, 355, 356, 357, 358, 359, 360, 361], "summary": {"covered_lines": 9, "num_statements": 9, "percent_covered": 100.0, "percent_covered_display": "100", "missing_lines": 0, "excluded_lines": 0, "percent_statements_covered": 100.0, "percent_statements_covered_display": "100"}, "missing_lines": [], "excluded_lines": [], "start_line": 338}, "_ControlPhaseMixin._wait_for_packet": {"executed_lines": [367, 368, 369, 370, 372, 373, 374, 375, 376, 377, 378], "summary": {"covered_lines": 11, "num_statements": 12, "percent_covered": 91.66666666666667, "percent_covered_display": "92", "missing_lines": 1, "excluded_lines": 0, "percent_statements_covered": 91.66666666666667, "percent_statements_covered_display": "92"}, "missing_lines": [371], "excluded_lines": [], "start_line": 363}, "_ControlPhaseMixin._flush_queue": {"executed_lines": [385, 386, 387, 388, 389, 390, 391, 392], "summary": {"covered_lines": 8, "num_statements": 8, "percent_covered": 100.0, "percent_covered_display": "100", "missing_lines": 0, "excluded_lines": 0, "percent_statements_covered": 100.0, "percent_statements_covered_display": "100"}, "missing_lines": [], "excluded_lines": [], "start_line": 383}, "_ControlPhaseMixin._start_token_renewal": {"executed_lines": [400, 404], "summary": {"covered_lines": 2, "num_statements": 2, "percent_covered": 100.0, "percent_covered_display": "100", "missing_lines": 0, "excluded_lines": 0, "percent_statements_covered": 100.0, "percent_statements_covered_display": "100"}, "missing_lines": [], "excluded_lines": [], "start_line": 398}, "_ControlPhaseMixin._stop_token_renewal": {"executed_lines": [408, 412, 413], "summary": {"covered_lines": 3, "num_statements": 3, "percent_covered": 100.0, "percent_covered_display": "100", "missing_lines": 0, "excluded_lines": 0, "percent_statements_covered": 100.0, "percent_statements_covered_display": "100"}, "missing_lines": [], "excluded_lines": [], "start_line": 406}, "_ControlPhaseMixin._token_renewal_loop": {"executed_lines": [417, 418, 419, 420, 422, 423, 424, 427, 428], "summary": {"covered_lines": 9, "num_statements": 12, "percent_covered": 75.0, "percent_covered_display": "75", "missing_lines": 3, "excluded_lines": 0, "percent_statements_covered": 75.0, "percent_statements_covered_display": "75"}, "missing_lines": [421, 425, 426], "excluded_lines": [], "start_line": 415}, "_ControlPhaseMixin._send_token": {"executed_lines": [438, 439, 440, 441, 442, 443, 444, 445, 446, 447, 448, 449, 450, 451], "summary": {"covered_lines": 14, "num_statements": 14, "percent_covered": 100.0, "percent_covered_display": "100", "missing_lines": 0, "excluded_lines": 0, "percent_statements_covered": 100.0, "percent_statements_covered_display": "100"}, "missing_lines": [], "excluded_lines": [], "start_line": 430}, "_ControlPhaseMixin._start_watchdog": {"executed_lines": [459, 463], "summary": {"covered_lines": 2, "num_statements": 2, "percent_covered": 100.0, "percent_covered_display": "100", "missing_lines": 0, "excluded_lines": 0, "percent_statements_covered": 100.0, "percent_statements_covered_display": "100"}, "missing_lines": [], "excluded_lines": [], "start_line": 457}, "_ControlPhaseMixin._stop_watchdog": {"executed_lines": [467, 471, 472], "summary": {"covered_lines": 3, "num_statements": 3, "percent_covered": 100.0, "percent_covered_display": "100", "missing_lines": 0, "excluded_lines": 0, "percent_statements_covered": 100.0, "percent_statements_covered_display": "100"}, "missing_lines": [], "excluded_lines": [], "start_line": 465}, "_ControlPhaseMixin._stop_reconnect": {"executed_lines": [476, 480, 481], "summary": {"covered_lines": 3, "num_statements": 3, "percent_covered": 100.0, "percent_covered_display": "100", "missing_lines": 0, "excluded_lines": 0, "percent_statements_covered": 100.0, "percent_statements_covered_display": "100"}, "missing_lines": [], "excluded_lines": [], "start_line": 474}, "": {"executed_lines": [3, 5, 6, 7, 8, 9, 11, 16, 17, 18, 20, 23, 24, 25, 26, 29, 33, 34, 35, 36, 42, 203, 227, 241, 273, 316, 327, 338, 363, 382, 383, 398, 406, 415, 430, 457, 465, 474], "summary": {"covered_lines": 38, "num_statements": 38, "percent_covered": 100.0, "percent_covered_display": "100", "missing_lines": 0, "excluded_lines": 0, "percent_statements_covered": 100.0, "percent_statements_covered_display": "100"}, "missing_lines": [], "excluded_lines": [], "start_line": 1}}, "classes": {"_ControlPhaseMixin": {"executed_lines": [57, 61, 62, 63, 66, 67, 72, 73, 76, 82, 83, 88, 89, 90, 93, 94, 95, 103, 106, 109, 110, 111, 112, 113, 114, 115, 116, 117, 127, 128, 130, 131, 132, 136, 137, 138, 139, 143, 153, 154, 155, 165, 166, 170, 175, 178, 179, 181, 182, 183, 184, 185, 186, 187, 188, 189, 191, 192, 212, 213, 214, 215, 216, 217, 218, 219, 220, 221, 222, 223, 224, 225, 229, 230, 231, 232, 233, 234, 235, 236, 237, 238, 239, 248, 265, 266, 267, 279, 280, 281, 283, 284, 285, 286, 289, 290, 292, 293, 294, 295, 301, 302, 303, 304, 305, 306, 307, 310, 311, 312, 314, 318, 319, 320, 325, 353, 354, 355, 356, 357, 358, 359, 360, 361, 367, 368, 369, 370, 372, 373, 374, 375, 376, 377, 378, 385, 386, 387, 388, 389, 390, 391, 392, 400, 404, 408, 412, 413, 417, 418, 419, 420, 422, 423, 424, 427, 428, 438, 439, 440, 441, 442, 443, 444, 445, 446, 447, 448, 449, 450, 451, 459, 463, 467, 471, 472, 476, 480, 481], "summary": {"covered_lines": 179, "num_statements": 198, "percent_covered": 90.4040404040404, "percent_covered_display": "90", "missing_lines": 19, "excluded_lines": 0, "percent_statements_covered": 90.4040404040404, "percent_statements_covered_display": "90"}, "missing_lines": [64, 68, 144, 145, 146, 147, 148, 159, 160, 161, 190, 329, 330, 331, 336, 371, 421, 425, 426], "excluded_lines": [], "start_line": 29}, "": {"executed_lines": [3, 5, 6, 7, 8, 9, 11, 16, 17, 18, 20, 23, 24, 25, 26, 29, 33, 34, 35, 36, 42, 203, 227, 241, 273, 316, 327, 338, 363, 382, 383, 398, 406, 415, 430, 457, 465, 474], "summary": {"covered_lines": 38, "num_statements": 38, "percent_covered": 100.0, "percent_covered_display": "100", "missing_lines": 0, "excluded_lines": 0, "percent_statements_covered": 100.0, "percent_statements_covered_display": "100"}, "missing_lines": [], "excluded_lines": [], "start_line": 1}}}, "src/icom_lan/audio.py": {"executed_lines": [8, 9, 10, 11, 12, 13, 15, 16, 18, 29, 32, 35, 38, 41, 42, 51, 52, 53, 56, 59, 60, 61, 64, 67, 68, 75, 76, 77, 78, 79, 80, 81, 82, 83, 84, 85, 86, 87, 88, 89, 90, 91, 93, 94, 96, 116, 118, 139, 161, 162, 163, 164, 165, 166, 167, 168, 169, 170, 171, 172, 174, 175, 177, 179, 180, 182, 184, 185, 187, 189, 190, 192, 194, 195, 197, 199, 200, 202, 204, 205, 207, 209, 222, 225, 226, 229, 230, 231, 233, 234, 236, 237, 239, 242, 243, 244, 247, 248, 250, 252, 258, 260, 267, 268, 270, 271, 273, 274, 275, 279, 282, 284, 285, 286, 289, 290, 292, 294, 296, 297, 298, 300, 301, 303, 304, 305, 306, 308, 309, 310, 312, 315, 316, 319, 337, 338, 339, 340, 341, 342, 343, 344, 345, 346, 347, 348, 349, 350, 351, 352, 353, 354, 355, 356, 357, 359, 360, 361, 362, 363, 364, 365, 366, 367, 368, 369, 370, 372, 373, 375, 377, 378, 380, 382, 383, 384, 385, 387, 388, 391, 392, 393, 396, 397, 398, 399, 400, 403, 404, 407, 409, 410, 411, 412, 413, 414, 415, 416, 418, 419, 420, 421, 422, 423, 426, 430, 450, 465, 471, 489, 490, 492, 493, 494, 495, 496, 497, 498, 500, 502, 503, 504, 505, 506, 507, 508, 509, 510, 511, 513, 514, 515, 516, 517, 518, 519, 520, 521, 523, 525, 526, 527, 528, 529, 530, 531, 533, 534, 536, 537, 538, 539, 540, 541, 542, 543, 544, 545, 547, 548, 554, 562, 563, 564, 565, 566, 567, 569, 578, 579, 581, 587, 588, 589, 591, 596, 597, 599, 600, 602, 603, 611, 621, 622, 624, 625, 626, 628, 629, 631, 633, 636, 656, 657, 659, 660, 662, 663, 664, 665, 667, 669, 670], "summary": {"covered_lines": 303, "num_statements": 307, "percent_covered": 98.6970684039088, "percent_covered_display": "99", "missing_lines": 4, "excluded_lines": 1, "percent_statements_covered": 98.6970684039088, "percent_statements_covered_display": "99"}, "missing_lines": [313, 389, 401, 402], "excluded_lines": [140], "functions": {"AudioStats.inactive": {"executed_lines": [96], "summary": {"covered_lines": 1, "num_statements": 1, "percent_covered": 100.0, "percent_covered_display": "100", "missing_lines": 0, "excluded_lines": 0, "percent_statements_covered": 100.0, "percent_statements_covered_display": "100"}, "missing_lines": [], "excluded_lines": [], "start_line": 94}, "AudioStats.to_dict": {"executed_lines": [118], "summary": {"covered_lines": 1, "num_statements": 1, "percent_covered": 100.0, "percent_covered_display": "100", "missing_lines": 0, "excluded_lines": 0, "percent_statements_covered": 100.0, "percent_statements_covered_display": "100"}, "missing_lines": [], "excluded_lines": [], "start_line": 116}, "JitterBuffer.__init__": {"executed_lines": [162, 163, 164, 165, 166, 167, 168, 169, 170, 171, 172], "summary": {"covered_lines": 11, "num_statements": 11, "percent_covered": 100.0, "percent_covered_display": "100", "missing_lines": 0, "excluded_lines": 0, "percent_statements_covered": 100.0, "percent_statements_covered_display": "100"}, "missing_lines": [], "excluded_lines": [], "start_line": 161}, "JitterBuffer.depth": {"executed_lines": [177], "summary": {"covered_lines": 1, "num_statements": 1, "percent_covered": 100.0, "percent_covered_display": "100", "missing_lines": 0, "excluded_lines": 0, "percent_statements_covered": 100.0, "percent_statements_covered_display": "100"}, "missing_lines": [], "excluded_lines": [], "start_line": 175}, "JitterBuffer.pending": {"executed_lines": [182], "summary": {"covered_lines": 1, "num_statements": 1, "percent_covered": 100.0, "percent_covered_display": "100", "missing_lines": 0, "excluded_lines": 0, "percent_statements_covered": 100.0, "percent_statements_covered_display": "100"}, "missing_lines": [], "excluded_lines": [], "start_line": 180}, "JitterBuffer.duplicate_count": {"executed_lines": [187], "summary": {"covered_lines": 1, "num_statements": 1, "percent_covered": 100.0, "percent_covered_display": "100", "missing_lines": 0, "excluded_lines": 0, "percent_statements_covered": 100.0, "percent_statements_covered_display": "100"}, "missing_lines": [], "excluded_lines": [], "start_line": 185}, "JitterBuffer.stale_count": {"executed_lines": [192], "summary": {"covered_lines": 1, "num_statements": 1, "percent_covered": 100.0, "percent_covered_display": "100", "missing_lines": 0, "excluded_lines": 0, "percent_statements_covered": 100.0, "percent_statements_covered_display": "100"}, "missing_lines": [], "excluded_lines": [], "start_line": 190}, "JitterBuffer.gap_count": {"executed_lines": [197], "summary": {"covered_lines": 1, "num_statements": 1, "percent_covered": 100.0, "percent_covered_display": "100", "missing_lines": 0, "excluded_lines": 0, "percent_statements_covered": 100.0, "percent_statements_covered_display": "100"}, "missing_lines": [], "excluded_lines": [], "start_line": 195}, "JitterBuffer.underrun_count": {"executed_lines": [202], "summary": {"covered_lines": 1, "num_statements": 1, "percent_covered": 100.0, "percent_covered_display": "100", "missing_lines": 0, "excluded_lines": 0, "percent_statements_covered": 100.0, "percent_statements_covered_display": "100"}, "missing_lines": [], "excluded_lines": [], "start_line": 200}, "JitterBuffer.overrun_count": {"executed_lines": [207], "summary": {"covered_lines": 1, "num_statements": 1, "percent_covered": 100.0, "percent_covered_display": "100", "missing_lines": 0, "excluded_lines": 0, "percent_statements_covered": 100.0, "percent_statements_covered_display": "100"}, "missing_lines": [], "excluded_lines": [], "start_line": 205}, "JitterBuffer.push": {"executed_lines": [222, 225, 226, 229, 230, 231, 233, 234, 236, 237, 239, 242, 243, 244, 247, 248, 250], "summary": {"covered_lines": 17, "num_statements": 17, "percent_covered": 100.0, "percent_covered_display": "100", "missing_lines": 0, "excluded_lines": 0, "percent_statements_covered": 100.0, "percent_statements_covered_display": "100"}, "missing_lines": [], "excluded_lines": [], "start_line": 209}, "JitterBuffer.flush": {"executed_lines": [258], "summary": {"covered_lines": 1, "num_statements": 1, "percent_covered": 100.0, "percent_covered_display": "100", "missing_lines": 0, "excluded_lines": 0, "percent_statements_covered": 100.0, "percent_statements_covered_display": "100"}, "missing_lines": [], "excluded_lines": [], "start_line": 252}, "JitterBuffer._deliver": {"executed_lines": [267, 268, 270, 271, 273, 274, 275, 279, 282, 284, 285, 286, 289, 290, 292], "summary": {"covered_lines": 15, "num_statements": 15, "percent_covered": 100.0, "percent_covered_display": "100", "missing_lines": 0, "excluded_lines": 0, "percent_statements_covered": 100.0, "percent_statements_covered_display": "100"}, "missing_lines": [], "excluded_lines": [], "start_line": 260}, "JitterBuffer._flush_all": {"executed_lines": [296, 297, 298, 300, 301, 303, 304, 305, 306, 308, 309, 310, 312, 315, 316], "summary": {"covered_lines": 15, "num_statements": 16, "percent_covered": 93.75, "percent_covered_display": "94", "missing_lines": 1, "excluded_lines": 0, "percent_statements_covered": 93.75, "percent_statements_covered_display": "94"}, "missing_lines": [313], "excluded_lines": [], "start_line": 294}, "AudioStream.__init__": {"executed_lines": [338, 339, 340, 341, 342, 343, 344, 345, 346, 347, 348, 349, 350, 351, 352, 353, 354, 355, 356, 357], "summary": {"covered_lines": 20, "num_statements": 20, "percent_covered": 100.0, "percent_covered_display": "100", "missing_lines": 0, "excluded_lines": 0, "percent_statements_covered": 100.0, "percent_statements_covered_display": "100"}, "missing_lines": [], "excluded_lines": [], "start_line": 337}, "AudioStream._reset_rx_stats": {"executed_lines": [360, 361, 362, 363, 364, 365, 366, 367, 368, 369, 370], "summary": {"covered_lines": 11, "num_statements": 11, "percent_covered": 100.0, "percent_covered_display": "100", "missing_lines": 0, "excluded_lines": 0, "percent_statements_covered": 100.0, "percent_statements_covered_display": "100"}, "missing_lines": [], "excluded_lines": [], "start_line": 359}, "AudioStream.state": {"executed_lines": [375], "summary": {"covered_lines": 1, "num_statements": 1, "percent_covered": 100.0, "percent_covered_display": "100", "missing_lines": 0, "excluded_lines": 0, "percent_statements_covered": 100.0, "percent_statements_covered_display": "100"}, "missing_lines": [], "excluded_lines": [], "start_line": 373}, "AudioStream.transport": {"executed_lines": [380], "summary": {"covered_lines": 1, "num_statements": 1, "percent_covered": 100.0, "percent_covered_display": "100", "missing_lines": 0, "excluded_lines": 0, "percent_statements_covered": 100.0, "percent_statements_covered_display": "100"}, "missing_lines": [], "excluded_lines": [], "start_line": 378}, "AudioStream._update_rx_order_stats": {"executed_lines": [383, 384, 385, 387, 388, 391, 392, 393, 396, 397, 398, 399, 400, 403, 404, 407], "summary": {"covered_lines": 16, "num_statements": 19, "percent_covered": 84.21052631578948, "percent_covered_display": "84", "missing_lines": 3, "excluded_lines": 0, "percent_statements_covered": 84.21052631578948, "percent_statements_covered_display": "84"}, "missing_lines": [389, 401, 402], "excluded_lines": [], "start_line": 382}, "AudioStream._sync_jitter_stats": {"executed_lines": [410, 411, 412, 413, 414, 415, 416], "summary": {"covered_lines": 7, "num_statements": 7, "percent_covered": 100.0, "percent_covered_display": "100", "missing_lines": 0, "excluded_lines": 0, "percent_statements_covered": 100.0, "percent_statements_covered_display": "100"}, "missing_lines": [], "excluded_lines": [], "start_line": 409}, "AudioStream._build_audio_stats": {"executed_lines": [419, 420, 421, 422, 423, 426, 430], "summary": {"covered_lines": 7, "num_statements": 7, "percent_covered": 100.0, "percent_covered_display": "100", "missing_lines": 0, "excluded_lines": 0, "percent_statements_covered": 100.0, "percent_statements_covered_display": "100"}, "missing_lines": [], "excluded_lines": [], "start_line": 418}, "AudioStream.get_audio_stats": {"executed_lines": [465], "summary": {"covered_lines": 1, "num_statements": 1, "percent_covered": 100.0, "percent_covered_display": "100", "missing_lines": 0, "excluded_lines": 0, "percent_statements_covered": 100.0, "percent_statements_covered_display": "100"}, "missing_lines": [], "excluded_lines": [], "start_line": 450}, "AudioStream.start_rx": {"executed_lines": [489, 490, 492, 493, 494, 495, 496, 497, 498], "summary": {"covered_lines": 9, "num_statements": 9, "percent_covered": 100.0, "percent_covered_display": "100", "missing_lines": 0, "excluded_lines": 0, "percent_statements_covered": 100.0, "percent_statements_covered_display": "100"}, "missing_lines": [], "excluded_lines": [], "start_line": 471}, "AudioStream.stop_rx": {"executed_lines": [502, 503, 504, 505, 506, 507, 508, 509, 510, 511, 513, 514, 515, 516, 517, 518, 519, 520, 521], "summary": {"covered_lines": 19, "num_statements": 19, "percent_covered": 100.0, "percent_covered_display": "100", "missing_lines": 0, "excluded_lines": 0, "percent_statements_covered": 100.0, "percent_statements_covered_display": "100"}, "missing_lines": [], "excluded_lines": [], "start_line": 500}, "AudioStream._rx_loop": {"executed_lines": [525, 526, 527, 528, 529, 530, 531, 533, 534, 536, 537, 538, 539, 540, 541, 542, 543, 544, 545, 547, 548], "summary": {"covered_lines": 21, "num_statements": 21, "percent_covered": 100.0, "percent_covered_display": "100", "missing_lines": 0, "excluded_lines": 0, "percent_statements_covered": 100.0, "percent_statements_covered_display": "100"}, "missing_lines": [], "excluded_lines": [], "start_line": 523}, "AudioStream.start_tx": {"executed_lines": [562, 563, 564, 565, 566, 567], "summary": {"covered_lines": 6, "num_statements": 6, "percent_covered": 100.0, "percent_covered_display": "100", "missing_lines": 0, "excluded_lines": 0, "percent_statements_covered": 100.0, "percent_statements_covered_display": "100"}, "missing_lines": [], "excluded_lines": [], "start_line": 554}, "AudioStream.push_tx": {"executed_lines": [578, 579, 581, 587, 588, 589], "summary": {"covered_lines": 6, "num_statements": 6, "percent_covered": 100.0, "percent_covered_display": "100", "missing_lines": 0, "excluded_lines": 0, "percent_statements_covered": 100.0, "percent_statements_covered_display": "100"}, "missing_lines": [], "excluded_lines": [], "start_line": 569}, "AudioStream.stop_tx": {"executed_lines": [596, 597, 599, 600, 602, 603], "summary": {"covered_lines": 6, "num_statements": 6, "percent_covered": 100.0, "percent_covered_display": "100", "missing_lines": 0, "excluded_lines": 0, "percent_statements_covered": 100.0, "percent_statements_covered_display": "100"}, "missing_lines": [], "excluded_lines": [], "start_line": 591}, "parse_audio_packet": {"executed_lines": [621, 622, 624, 625, 626, 628, 629, 631, 633], "summary": {"covered_lines": 9, "num_statements": 9, "percent_covered": 100.0, "percent_covered_display": "100", "missing_lines": 0, "excluded_lines": 0, "percent_statements_covered": 100.0, "percent_statements_covered_display": "100"}, "missing_lines": [], "excluded_lines": [], "start_line": 611}, "build_audio_packet": {"executed_lines": [656, 657, 659, 660, 662, 663, 664, 665, 667, 669, 670], "summary": {"covered_lines": 11, "num_statements": 11, "percent_covered": 100.0, "percent_covered_display": "100", "missing_lines": 0, "excluded_lines": 0, "percent_statements_covered": 100.0, "percent_statements_covered_display": "100"}, "missing_lines": [], "excluded_lines": [], "start_line": 636}, "": {"executed_lines": [8, 9, 10, 11, 12, 13, 15, 16, 18, 29, 32, 35, 38, 41, 42, 51, 52, 53, 56, 59, 60, 61, 64, 67, 68, 75, 76, 77, 78, 79, 80, 81, 82, 83, 84, 85, 86, 87, 88, 89, 90, 91, 93, 94, 116, 139, 161, 174, 175, 179, 180, 184, 185, 189, 190, 194, 195, 199, 200, 204, 205, 209, 252, 260, 294, 319, 337, 359, 372, 373, 377, 378, 382, 409, 418, 450, 471, 500, 523, 554, 569, 591, 611, 636], "summary": {"covered_lines": 84, "num_statements": 84, "percent_covered": 100.0, "percent_covered_display": "100", "missing_lines": 0, "excluded_lines": 1, "percent_statements_covered": 100.0, "percent_statements_covered_display": "100"}, "missing_lines": [], "excluded_lines": [140], "start_line": 1}}, "classes": {"AudioPacket": {"executed_lines": [], "summary": {"covered_lines": 0, "num_statements": 0, "percent_covered": 100.0, "percent_covered_display": "100", "missing_lines": 0, "excluded_lines": 0, "percent_statements_covered": 100.0, "percent_statements_covered_display": "100"}, "missing_lines": [], "excluded_lines": [], "start_line": 42}, "AudioState": {"executed_lines": [], "summary": {"covered_lines": 0, "num_statements": 0, "percent_covered": 100.0, "percent_covered_display": "100", "missing_lines": 0, "excluded_lines": 0, "percent_statements_covered": 100.0, "percent_statements_covered_display": "100"}, "missing_lines": [], "excluded_lines": [], "start_line": 56}, "AudioStats": {"executed_lines": [96, 118], "summary": {"covered_lines": 2, "num_statements": 2, "percent_covered": 100.0, "percent_covered_display": "100", "missing_lines": 0, "excluded_lines": 0, "percent_statements_covered": 100.0, "percent_statements_covered_display": "100"}, "missing_lines": [], "excluded_lines": [], "start_line": 68}, "JitterBuffer": {"executed_lines": [162, 163, 164, 165, 166, 167, 168, 169, 170, 171, 172, 177, 182, 187, 192, 197, 202, 207, 222, 225, 226, 229, 230, 231, 233, 234, 236, 237, 239, 242, 243, 244, 247, 248, 250, 258, 267, 268, 270, 271, 273, 274, 275, 279, 282, 284, 285, 286, 289, 290, 292, 296, 297, 298, 300, 301, 303, 304, 305, 306, 308, 309, 310, 312, 315, 316], "summary": {"covered_lines": 66, "num_statements": 67, "percent_covered": 98.50746268656717, "percent_covered_display": "99", "missing_lines": 1, "excluded_lines": 0, "percent_statements_covered": 98.50746268656717, "percent_statements_covered_display": "99"}, "missing_lines": [313], "excluded_lines": [], "start_line": 139}, "AudioStream": {"executed_lines": [338, 339, 340, 341, 342, 343, 344, 345, 346, 347, 348, 349, 350, 351, 352, 353, 354, 355, 356, 357, 360, 361, 362, 363, 364, 365, 366, 367, 368, 369, 370, 375, 380, 383, 384, 385, 387, 388, 391, 392, 393, 396, 397, 398, 399, 400, 403, 404, 407, 410, 411, 412, 413, 414, 415, 416, 419, 420, 421, 422, 423, 426, 430, 465, 489, 490, 492, 493, 494, 495, 496, 497, 498, 502, 503, 504, 505, 506, 507, 508, 509, 510, 511, 513, 514, 515, 516, 517, 518, 519, 520, 521, 525, 526, 527, 528, 529, 530, 531, 533, 534, 536, 537, 538, 539, 540, 541, 542, 543, 544, 545, 547, 548, 562, 563, 564, 565, 566, 567, 578, 579, 581, 587, 588, 589, 596, 597, 599, 600, 602, 603], "summary": {"covered_lines": 131, "num_statements": 134, "percent_covered": 97.76119402985074, "percent_covered_display": "98", "missing_lines": 3, "excluded_lines": 0, "percent_statements_covered": 97.76119402985074, "percent_statements_covered_display": "98"}, "missing_lines": [389, 401, 402], "excluded_lines": [], "start_line": 319}, "": {"executed_lines": [8, 9, 10, 11, 12, 13, 15, 16, 18, 29, 32, 35, 38, 41, 42, 51, 52, 53, 56, 59, 60, 61, 64, 67, 68, 75, 76, 77, 78, 79, 80, 81, 82, 83, 84, 85, 86, 87, 88, 89, 90, 91, 93, 94, 116, 139, 161, 174, 175, 179, 180, 184, 185, 189, 190, 194, 195, 199, 200, 204, 205, 209, 252, 260, 294, 319, 337, 359, 372, 373, 377, 378, 382, 409, 418, 450, 471, 500, 523, 554, 569, 591, 611, 621, 622, 624, 625, 626, 628, 629, 631, 633, 636, 656, 657, 659, 660, 662, 663, 664, 665, 667, 669, 670], "summary": {"covered_lines": 104, "num_statements": 104, "percent_covered": 100.0, "percent_covered_display": "100", "missing_lines": 0, "excluded_lines": 1, "percent_statements_covered": 100.0, "percent_statements_covered_display": "100"}, "missing_lines": [], "excluded_lines": [140], "start_line": 1}}}, "src/icom_lan/auth.py": {"executed_lines": [7, 8, 10, 23, 188, 189, 200, 201, 202, 203, 204, 207, 208, 218, 219, 220, 221, 224, 237, 238, 239, 240, 241, 242, 243, 246, 270, 271, 272, 273, 274, 275, 276, 277, 278, 279, 281, 282, 283, 285, 286, 287, 289, 292, 334, 335, 336, 337, 338, 339, 340, 341, 342, 343, 344, 346, 347, 349, 350, 352, 353, 355, 356, 358, 359, 360, 361, 362, 363, 364, 365, 366, 367, 369, 372, 384, 385, 387, 388, 389, 392, 393, 395, 397, 406, 418, 421, 422, 423, 424, 426], "summary": {"covered_lines": 91, "num_statements": 92, "percent_covered": 98.91304347826087, "percent_covered_display": "99", "missing_lines": 1, "excluded_lines": 0, "percent_statements_covered": 98.91304347826087, "percent_statements_covered_display": "99"}, "missing_lines": [419], "excluded_lines": [], "functions": {"encode_credentials": {"executed_lines": [237, 238, 239, 240, 241, 242, 243], "summary": {"covered_lines": 7, "num_statements": 7, "percent_covered": 100.0, "percent_covered_display": "100", "missing_lines": 0, "excluded_lines": 0, "percent_statements_covered": 100.0, "percent_statements_covered_display": "100"}, "missing_lines": [], "excluded_lines": [], "start_line": 224}, "build_login_packet": {"executed_lines": [270, 271, 272, 273, 274, 275, 276, 277, 278, 279, 281, 282, 283, 285, 286, 287, 289], "summary": {"covered_lines": 17, "num_statements": 17, "percent_covered": 100.0, "percent_covered_display": "100", "missing_lines": 0, "excluded_lines": 0, "percent_statements_covered": 100.0, "percent_statements_covered_display": "100"}, "missing_lines": [], "excluded_lines": [], "start_line": 246}, "build_conninfo_packet": {"executed_lines": [334, 335, 336, 337, 338, 339, 340, 341, 342, 343, 344, 346, 347, 349, 350, 352, 353, 355, 356, 358, 359, 360, 361, 362, 363, 364, 365, 366, 367, 369], "summary": {"covered_lines": 30, "num_statements": 30, "percent_covered": 100.0, "percent_covered_display": "100", "missing_lines": 0, "excluded_lines": 0, "percent_statements_covered": 100.0, "percent_statements_covered_display": "100"}, "missing_lines": [], "excluded_lines": [], "start_line": 292}, "parse_auth_response": {"executed_lines": [384, 385, 387, 388, 389, 392, 393, 395, 397], "summary": {"covered_lines": 9, "num_statements": 9, "percent_covered": 100.0, "percent_covered_display": "100", "missing_lines": 0, "excluded_lines": 0, "percent_statements_covered": 100.0, "percent_statements_covered_display": "100"}, "missing_lines": [], "excluded_lines": [], "start_line": 372}, "parse_status_response": {"executed_lines": [418, 421, 422, 423, 424, 426], "summary": {"covered_lines": 6, "num_statements": 7, "percent_covered": 85.71428571428571, "percent_covered_display": "86", "missing_lines": 1, "excluded_lines": 0, "percent_statements_covered": 85.71428571428571, "percent_statements_covered_display": "86"}, "missing_lines": [419], "excluded_lines": [], "start_line": 406}, "": {"executed_lines": [7, 8, 10, 23, 188, 189, 200, 201, 202, 203, 204, 207, 208, 218, 219, 220, 221, 224, 246, 292, 372, 406], "summary": {"covered_lines": 22, "num_statements": 22, "percent_covered": 100.0, "percent_covered_display": "100", "missing_lines": 0, "excluded_lines": 0, "percent_statements_covered": 100.0, "percent_statements_covered_display": "100"}, "missing_lines": [], "excluded_lines": [], "start_line": 1}}, "classes": {"AuthResponse": {"executed_lines": [], "summary": {"covered_lines": 0, "num_statements": 0, "percent_covered": 100.0, "percent_covered_display": "100", "missing_lines": 0, "excluded_lines": 0, "percent_statements_covered": 100.0, "percent_statements_covered_display": "100"}, "missing_lines": [], "excluded_lines": [], "start_line": 189}, "StatusResponse": {"executed_lines": [], "summary": {"covered_lines": 0, "num_statements": 0, "percent_covered": 100.0, "percent_covered_display": "100", "missing_lines": 0, "excluded_lines": 0, "percent_statements_covered": 100.0, "percent_statements_covered_display": "100"}, "missing_lines": [], "excluded_lines": [], "start_line": 208}, "": {"executed_lines": [7, 8, 10, 23, 188, 189, 200, 201, 202, 203, 204, 207, 208, 218, 219, 220, 221, 224, 237, 238, 239, 240, 241, 242, 243, 246, 270, 271, 272, 273, 274, 275, 276, 277, 278, 279, 281, 282, 283, 285, 286, 287, 289, 292, 334, 335, 336, 337, 338, 339, 340, 341, 342, 343, 344, 346, 347, 349, 350, 352, 353, 355, 356, 358, 359, 360, 361, 362, 363, 364, 365, 366, 367, 369, 372, 384, 385, 387, 388, 389, 392, 393, 395, 397, 406, 418, 421, 422, 423, 424, 426], "summary": {"covered_lines": 91, "num_statements": 92, "percent_covered": 98.91304347826087, "percent_covered_display": "99", "missing_lines": 1, "excluded_lines": 0, "percent_statements_covered": 98.91304347826087, "percent_statements_covered_display": "99"}, "missing_lines": [419], "excluded_lines": [], "start_line": 1}}}, "src/icom_lan/civ.py": {"executed_lines": [3, 5, 6, 7, 8, 9, 11, 13, 23, 26, 27, 28, 29, 30, 33, 34, 37, 38, 39, 42, 43, 46, 47, 48, 51, 52, 53, 54, 55, 56, 59, 60, 61, 62, 63, 64, 67, 69, 76, 78, 79, 80, 83, 84, 86, 87, 90, 93, 94, 95, 96, 97, 98, 99, 100, 102, 103, 105, 107, 108, 110, 112, 113, 115, 117, 118, 120, 122, 123, 127, 129, 131, 140, 147, 148, 149, 151, 152, 153, 161, 163, 171, 173, 175, 176, 177, 185, 187, 189, 190, 194, 196, 197, 198, 199, 202, 212, 214, 215, 216, 218, 219, 220, 223, 224, 225, 228, 229, 231, 232, 233, 236, 237, 238, 241, 242, 244, 245, 247, 249, 251, 252, 253, 255, 257, 258, 260, 261, 264, 265, 266, 267, 269, 270, 271, 272, 274, 277, 278, 279, 280, 281, 284, 285, 286, 287, 288, 294, 296, 297, 298, 299, 301, 304, 306, 307, 308, 310, 312, 314], "summary": {"covered_lines": 160, "num_statements": 187, "percent_covered": 85.56149732620321, "percent_covered_display": "86", "missing_lines": 27, "excluded_lines": 0, "percent_statements_covered": 85.56149732620321, "percent_statements_covered_display": "86"}, "missing_lines": [81, 82, 85, 125, 133, 200, 208, 209, 210, 221, 222, 234, 235, 250, 262, 268, 275, 282, 283, 289, 290, 292, 302, 303, 309, 311, 313], "excluded_lines": [], "functions": {"request_key_from_frame": {"executed_lines": [69], "summary": {"covered_lines": 1, "num_statements": 1, "percent_covered": 100.0, "percent_covered_display": "100", "missing_lines": 0, "excluded_lines": 0, "percent_statements_covered": 100.0, "percent_statements_covered_display": "100"}, "missing_lines": [], "excluded_lines": [], "start_line": 67}, "iter_civ_frames": {"executed_lines": [78, 79, 80, 83, 84, 86, 87], "summary": {"covered_lines": 7, "num_statements": 10, "percent_covered": 70.0, "percent_covered_display": "70", "missing_lines": 3, "excluded_lines": 0, "percent_statements_covered": 70.0, "percent_statements_covered_display": "70"}, "missing_lines": [81, 82, 85], "excluded_lines": [], "start_line": 76}, "CivRequestTracker.__init__": {"executed_lines": [94, 95, 96, 97, 98, 99, 100], "summary": {"covered_lines": 7, "num_statements": 7, "percent_covered": 100.0, "percent_covered_display": "100", "missing_lines": 0, "excluded_lines": 0, "percent_statements_covered": 100.0, "percent_statements_covered_display": "100"}, "missing_lines": [], "excluded_lines": [], "start_line": 93}, "CivRequestTracker.pending_count": {"executed_lines": [105], "summary": {"covered_lines": 1, "num_statements": 1, "percent_covered": 100.0, "percent_covered_display": "100", "missing_lines": 0, "excluded_lines": 0, "percent_statements_covered": 100.0, "percent_statements_covered_display": "100"}, "missing_lines": [], "excluded_lines": [], "start_line": 103}, "CivRequestTracker.ack_sink_count": {"executed_lines": [110], "summary": {"covered_lines": 1, "num_statements": 1, "percent_covered": 100.0, "percent_covered_display": "100", "missing_lines": 0, "excluded_lines": 0, "percent_statements_covered": 100.0, "percent_statements_covered_display": "100"}, "missing_lines": [], "excluded_lines": [], "start_line": 108}, "CivRequestTracker.generation": {"executed_lines": [115], "summary": {"covered_lines": 1, "num_statements": 1, "percent_covered": 100.0, "percent_covered_display": "100", "missing_lines": 0, "excluded_lines": 0, "percent_statements_covered": 100.0, "percent_statements_covered_display": "100"}, "missing_lines": [], "excluded_lines": [], "start_line": 113}, "CivRequestTracker.stale_cleaned_total": {"executed_lines": [120], "summary": {"covered_lines": 1, "num_statements": 1, "percent_covered": 100.0, "percent_covered_display": "100", "missing_lines": 0, "excluded_lines": 0, "percent_statements_covered": 100.0, "percent_statements_covered_display": "100"}, "missing_lines": [], "excluded_lines": [], "start_line": 118}, "CivRequestTracker.timeout_count": {"executed_lines": [], "summary": {"covered_lines": 0, "num_statements": 1, "percent_covered": 0.0, "percent_covered_display": "0", "missing_lines": 1, "excluded_lines": 0, "percent_statements_covered": 0.0, "percent_statements_covered_display": "0"}, "missing_lines": [125], "excluded_lines": [], "start_line": 123}, "CivRequestTracker.note_timeout": {"executed_lines": [129], "summary": {"covered_lines": 1, "num_statements": 1, "percent_covered": 100.0, "percent_covered_display": "100", "missing_lines": 0, "excluded_lines": 0, "percent_statements_covered": 100.0, "percent_statements_covered_display": "100"}, "missing_lines": [], "excluded_lines": [], "start_line": 127}, "CivRequestTracker.snapshot_stats": {"executed_lines": [], "summary": {"covered_lines": 0, "num_statements": 1, "percent_covered": 0.0, "percent_covered_display": "0", "missing_lines": 1, "excluded_lines": 0, "percent_statements_covered": 0.0, "percent_statements_covered_display": "0"}, "missing_lines": [133], "excluded_lines": [], "start_line": 131}, "CivRequestTracker.register_ack": {"executed_lines": [147, 148, 149, 151, 152, 153, 161, 163, 171], "summary": {"covered_lines": 9, "num_statements": 9, "percent_covered": 100.0, "percent_covered_display": "100", "missing_lines": 0, "excluded_lines": 0, "percent_statements_covered": 100.0, "percent_statements_covered_display": "100"}, "missing_lines": [], "excluded_lines": [], "start_line": 140}, "CivRequestTracker.register_response": {"executed_lines": [175, 176, 177, 185], "summary": {"covered_lines": 4, "num_statements": 4, "percent_covered": 100.0, "percent_covered_display": "100", "missing_lines": 0, "excluded_lines": 0, "percent_statements_covered": 100.0, "percent_statements_covered_display": "100"}, "missing_lines": [], "excluded_lines": [], "start_line": 173}, "CivRequestTracker.unregister": {"executed_lines": [189, 190], "summary": {"covered_lines": 2, "num_statements": 2, "percent_covered": 100.0, "percent_covered_display": "100", "missing_lines": 0, "excluded_lines": 0, "percent_statements_covered": 100.0, "percent_statements_covered_display": "100"}, "missing_lines": [], "excluded_lines": [], "start_line": 187}, "CivRequestTracker.unregister_ack_sink": {"executed_lines": [196, 197, 198, 199], "summary": {"covered_lines": 4, "num_statements": 5, "percent_covered": 80.0, "percent_covered_display": "80", "missing_lines": 1, "excluded_lines": 0, "percent_statements_covered": 80.0, "percent_statements_covered_display": "80"}, "missing_lines": [200], "excluded_lines": [], "start_line": 194}, "CivRequestTracker.drop_ack_sinks": {"executed_lines": [], "summary": {"covered_lines": 0, "num_statements": 3, "percent_covered": 0.0, "percent_covered_display": "0", "missing_lines": 3, "excluded_lines": 0, "percent_statements_covered": 0.0, "percent_statements_covered_display": "0"}, "missing_lines": [208, 209, 210], "excluded_lines": [], "start_line": 202}, "CivRequestTracker.cleanup_stale": {"executed_lines": [214, 215, 216, 218, 219, 220, 223, 224, 225, 228, 229, 231, 232, 233, 236, 237, 238, 241, 242, 244, 245], "summary": {"covered_lines": 21, "num_statements": 25, "percent_covered": 84.0, "percent_covered_display": "84", "missing_lines": 4, "excluded_lines": 0, "percent_statements_covered": 84.0, "percent_statements_covered_display": "84"}, "missing_lines": [221, 222, 234, 235], "excluded_lines": [], "start_line": 212}, "CivRequestTracker.advance_generation": {"executed_lines": [249, 251, 252, 253], "summary": {"covered_lines": 4, "num_statements": 5, "percent_covered": 80.0, "percent_covered_display": "80", "missing_lines": 1, "excluded_lines": 0, "percent_statements_covered": 80.0, "percent_statements_covered_display": "80"}, "missing_lines": [250], "excluded_lines": [], "start_line": 247}, "CivRequestTracker.resolve": {"executed_lines": [257, 258, 260, 261, 264, 265, 266, 267, 269, 270, 271, 272, 274, 277, 278, 279, 280, 281, 284, 285, 286, 287, 288], "summary": {"covered_lines": 23, "num_statements": 31, "percent_covered": 74.19354838709677, "percent_covered_display": "74", "missing_lines": 8, "excluded_lines": 0, "percent_statements_covered": 74.19354838709677, "percent_statements_covered_display": "74"}, "missing_lines": [262, 268, 275, 282, 283, 289, 290, 292], "excluded_lines": [], "start_line": 255}, "CivRequestTracker.fail_all": {"executed_lines": [296, 297, 298, 299, 301, 304], "summary": {"covered_lines": 6, "num_statements": 8, "percent_covered": 75.0, "percent_covered_display": "75", "missing_lines": 2, "excluded_lines": 0, "percent_statements_covered": 75.0, "percent_statements_covered_display": "75"}, "missing_lines": [302, 303], "excluded_lines": [], "start_line": 294}, "CivRequestTracker._matches": {"executed_lines": [308, 310, 312, 314], "summary": {"covered_lines": 4, "num_statements": 7, "percent_covered": 57.142857142857146, "percent_covered_display": "57", "missing_lines": 3, "excluded_lines": 0, "percent_statements_covered": 57.142857142857146, "percent_statements_covered_display": "57"}, "missing_lines": [309, 311, 313], "excluded_lines": [], "start_line": 307}, "": {"executed_lines": [3, 5, 6, 7, 8, 9, 11, 13, 23, 26, 27, 28, 29, 30, 33, 34, 37, 38, 39, 42, 43, 46, 47, 48, 51, 52, 53, 54, 55, 56, 59, 60, 61, 62, 63, 64, 67, 76, 90, 93, 102, 103, 107, 108, 112, 113, 117, 118, 122, 123, 127, 131, 140, 173, 187, 194, 202, 212, 247, 255, 294, 306, 307], "summary": {"covered_lines": 63, "num_statements": 63, "percent_covered": 100.0, "percent_covered_display": "100", "missing_lines": 0, "excluded_lines": 0, "percent_statements_covered": 100.0, "percent_statements_covered_display": "100"}, "missing_lines": [], "excluded_lines": [], "start_line": 1}}, "classes": {"CivEventType": {"executed_lines": [], "summary": {"covered_lines": 0, "num_statements": 0, "percent_covered": 100.0, "percent_covered_display": "100", "missing_lines": 0, "excluded_lines": 0, "percent_statements_covered": 100.0, "percent_statements_covered_display": "100"}, "missing_lines": [], "excluded_lines": [], "start_line": 23}, "CivEvent": {"executed_lines": [], "summary": {"covered_lines": 0, "num_statements": 0, "percent_covered": 100.0, "percent_covered_display": "100", "missing_lines": 0, "excluded_lines": 0, "percent_statements_covered": 100.0, "percent_statements_covered_display": "100"}, "missing_lines": [], "excluded_lines": [], "start_line": 34}, "CivRequestKey": {"executed_lines": [], "summary": {"covered_lines": 0, "num_statements": 0, "percent_covered": 100.0, "percent_covered_display": "100", "missing_lines": 0, "excluded_lines": 0, "percent_statements_covered": 100.0, "percent_statements_covered_display": "100"}, "missing_lines": [], "excluded_lines": [], "start_line": 43}, "_AckWaiter": {"executed_lines": [], "summary": {"covered_lines": 0, "num_statements": 0, "percent_covered": 100.0, "percent_covered_display": "100", "missing_lines": 0, "excluded_lines": 0, "percent_statements_covered": 100.0, "percent_statements_covered_display": "100"}, "missing_lines": [], "excluded_lines": [], "start_line": 52}, "_PendingRequest": {"executed_lines": [], "summary": {"covered_lines": 0, "num_statements": 0, "percent_covered": 100.0, "percent_covered_display": "100", "missing_lines": 0, "excluded_lines": 0, "percent_statements_covered": 100.0, "percent_statements_covered_display": "100"}, "missing_lines": [], "excluded_lines": [], "start_line": 60
[...]
missing_lines": 4, "excluded_lines": 0, "percent_statements_covered": 0.0, "percent_statements_covered_display": "0"}, "missing_lines": [248, 249, 250, 251], "excluded_lines": [], "start_line": 246}, "WebServer._scope_health_check": {"executed_lines": [255, 256, 258, 259], "summary": {"covered_lines": 4, "num_statements": 7, "percent_covered": 57.142857142857146, "percent_covered_display": "57", "missing_lines": 3, "excluded_lines": 0, "percent_statements_covered": 57.142857142857146, "percent_statements_covered_display": "57"}, "missing_lines": [260, 261, 262], "excluded_lines": [], "start_line": 253}, "WebServer._scope_health_monitor": {"executed_lines": [266, 267, 268, 269, 289, 290], "summary": {"covered_lines": 6, "num_statements": 20, "percent_covered": 30.0, "percent_covered_display": "30", "missing_lines": 14, "excluded_lines": 0, "percent_statements_covered": 30.0, "percent_statements_covered_display": "30"}, "missing_lines": [270, 271, 273, 274, 275, 276, 277, 279, 280, 281, 282, 283, 284, 285], "excluded_lines": [], "start_line": 264}, "WebServer._on_poller_state_event": {"executed_lines": [294], "summary": {"covered_lines": 1, "num_statements": 1, "percent_covered": 100.0, "percent_covered_display": "100", "missing_lines": 0, "excluded_lines": 0, "percent_statements_covered": 100.0, "percent_statements_covered_display": "100"}, "missing_lines": [], "excluded_lines": [], "start_line": 292}, "WebServer._on_poller_meter_readings": {"executed_lines": [], "summary": {"covered_lines": 0, "num_statements": 1, "percent_covered": 0.0, "percent_covered_display": "0", "missing_lines": 1, "excluded_lines": 0, "percent_statements_covered": 0.0, "percent_statements_covered_display": "0"}, "missing_lines": [298], "excluded_lines": [], "start_line": 296}, "WebServer.start": {"executed_lines": [302, 307, 308, 309, 312, 314, 316, 317, 324, 325], "summary": {"covered_lines": 10, "num_statements": 10, "percent_covered": 100.0, "percent_covered_display": "100", "missing_lines": 0, "excluded_lines": 0, "percent_statements_covered": 100.0, "percent_statements_covered_display": "100"}, "missing_lines": [], "excluded_lines": [], "start_line": 300}, "WebServer.stop": {"executed_lines": [331, 332, 333, 334, 335, 336, 339, 340, 341, 342, 343, 344, 346, 347, 348, 349, 351, 352, 353, 354, 355, 356], "summary": {"covered_lines": 22, "num_statements": 22, "percent_covered": 100.0, "percent_covered_display": "100", "missing_lines": 0, "excluded_lines": 0, "percent_statements_covered": 100.0, "percent_statements_covered_display": "100"}, "missing_lines": [], "excluded_lines": [], "start_line": 329}, "WebServer.serve_forever": {"executed_lines": [], "summary": {"covered_lines": 0, "num_statements": 11, "percent_covered": 0.0, "percent_covered_display": "0", "missing_lines": 11, "excluded_lines": 0, "percent_statements_covered": 0.0, "percent_statements_covered_display": "0"}, "missing_lines": [360, 362, 363, 365, 366, 368, 372, 373, 375, 376, 378], "excluded_lines": [], "start_line": 358}, "WebServer.serve_forever._on_signal": {"executed_lines": [], "summary": {"covered_lines": 0, "num_statements": 2, "percent_covered": 0.0, "percent_covered_display": "0", "missing_lines": 2, "excluded_lines": 0, "percent_statements_covered": 0.0, "percent_statements_covered_display": "0"}, "missing_lines": [369, 370], "excluded_lines": [], "start_line": 368}, "WebServer.__aenter__": {"executed_lines": [381, 382], "summary": {"covered_lines": 2, "num_statements": 2, "percent_covered": 100.0, "percent_covered_display": "100", "missing_lines": 0, "excluded_lines": 0, "percent_statements_covered": 100.0, "percent_statements_covered_display": "100"}, "missing_lines": [], "excluded_lines": [], "start_line": 380}, "WebServer.__aexit__": {"executed_lines": [385], "summary": {"covered_lines": 1, "num_statements": 1, "percent_covered": 100.0, "percent_covered_display": "100", "missing_lines": 0, "excluded_lines": 0, "percent_statements_covered": 100.0, "percent_statements_covered_display": "100"}, "missing_lines": [], "excluded_lines": [], "start_line": 384}, "WebServer.port": {"executed_lines": [390, 392], "summary": {"covered_lines": 2, "num_statements": 3, "percent_covered": 66.66666666666667, "percent_covered_display": "67", "missing_lines": 1, "excluded_lines": 0, "percent_statements_covered": 66.66666666666667, "percent_statements_covered_display": "67"}, "missing_lines": [391], "excluded_lines": [], "start_line": 388}, "WebServer._accept_client": {"executed_lines": [403, 410, 411, 412, 413], "summary": {"covered_lines": 5, "num_statements": 8, "percent_covered": 62.5, "percent_covered_display": "62", "missing_lines": 3, "excluded_lines": 0, "percent_statements_covered": 62.5, "percent_statements_covered_display": "62"}, "missing_lines": [404, 408, 409], "excluded_lines": [], "start_line": 398}, "WebServer._read_request": {"executed_lines": [427, 428, 433, 436, 437, 439, 442, 443, 445, 446, 447, 448, 451, 452, 453, 454, 455, 456, 460], "summary": {"covered_lines": 19, "num_statements": 25, "percent_covered": 76.0, "percent_covered_display": "76", "missing_lines": 6, "excluded_lines": 0, "percent_statements_covered": 76.0, "percent_statements_covered_display": "76"}, "missing_lines": [431, 432, 434, 438, 449, 450], "excluded_lines": [], "start_line": 419}, "WebServer._handle_connection": {"executed_lines": [471, 472, 473, 474, 476, 478, 481, 485, 487, 493, 494, 495], "summary": {"covered_lines": 12, "num_statements": 19, "percent_covered": 63.1578947368421, "percent_covered_display": "63", "missing_lines": 7, "excluded_lines": 0, "percent_statements_covered": 63.1578947368421, "percent_statements_covered_display": "63"}, "missing_lines": [475, 488, 489, 490, 491, 496, 497], "excluded_lines": [], "start_line": 466}, "WebServer._handle_http": {"executed_lines": [509, 513, 514, 515, 517, 518, 519, 520, 521, 523, 524], "summary": {"covered_lines": 11, "num_statements": 15, "percent_covered": 73.33333333333333, "percent_covered_display": "73", "missing_lines": 4, "excluded_lines": 0, "percent_statements_covered": 73.33333333333333, "percent_statements_covered_display": "73"}, "missing_lines": [510, 511, 516, 526], "excluded_lines": [], "start_line": 503}, "WebServer._serve_info": {"executed_lines": [529, 538], "summary": {"covered_lines": 2, "num_statements": 2, "percent_covered": 100.0, "percent_covered_display": "100", "missing_lines": 0, "excluded_lines": 0, "percent_statements_covered": 100.0, "percent_statements_covered_display": "100"}, "missing_lines": [], "excluded_lines": [], "start_line": 528}, "WebServer._serve_state": {"executed_lines": [], "summary": {"covered_lines": 0, "num_statements": 2, "percent_covered": 0.0, "percent_covered_display": "0", "missing_lines": 2, "excluded_lines": 0, "percent_statements_covered": 0.0, "percent_statements_covered_display": "0"}, "missing_lines": [543, 544], "excluded_lines": [], "start_line": 542}, "WebServer._serve_capabilities": {"executed_lines": [549, 563], "summary": {"covered_lines": 2, "num_statements": 2, "percent_covered": 100.0, "percent_covered_display": "100", "missing_lines": 0, "excluded_lines": 0, "percent_statements_covered": 100.0, "percent_statements_covered_display": "100"}, "missing_lines": [], "excluded_lines": [], "start_line": 548}, "WebServer._serve_static": {"executed_lines": [571, 572, 573, 577, 578, 579, 581, 582, 589, 590, 591], "summary": {"covered_lines": 11, "num_statements": 16, "percent_covered": 68.75, "percent_covered_display": "69", "missing_lines": 5, "excluded_lines": 0, "percent_statements_covered": 68.75, "percent_statements_covered_display": "69"}, "missing_lines": [574, 575, 583, 584, 587], "excluded_lines": [], "start_line": 567}, "WebServer._handle_websocket": {"executed_lines": [613, 614, 618, 619, 626, 627, 629, 631, 632, 636, 637, 638, 639, 640, 641, 646, 647, 651, 652, 653, 657, 658, 659, 660, 661, 662], "summary": {"covered_lines": 26, "num_statements": 32, "percent_covered": 81.25, "percent_covered_display": "81", "missing_lines": 6, "excluded_lines": 0, "percent_statements_covered": 81.25, "percent_statements_covered_display": "81"}, "missing_lines": [615, 616, 643, 644, 654, 655], "excluded_lines": [], "start_line": 606}, "_send_response": {"executed_lines": [680, 685, 686, 691, 692], "summary": {"covered_lines": 5, "num_statements": 5, "percent_covered": 100.0, "percent_covered_display": "100", "missing_lines": 0, "excluded_lines": 0, "percent_statements_covered": 100.0, "percent_statements_covered_display": "100"}, "missing_lines": [], "excluded_lines": [], "start_line": 673}, "run_web_server": {"executed_lines": [], "summary": {"covered_lines": 0, "num_statements": 3, "percent_covered": 0.0, "percent_covered_display": "0", "missing_lines": 3, "excluded_lines": 0, "percent_statements_covered": 0.0, "percent_statements_covered_display": "0"}, "missing_lines": [711, 712, 713], "excluded_lines": [], "start_line": 700}, "": {"executed_lines": [20, 22, 23, 24, 25, 26, 27, 28, 29, 31, 32, 33, 34, 35, 36, 41, 43, 45, 46, 49, 50, 63, 64, 65, 66, 67, 68, 71, 79, 114, 128, 137, 156, 171, 172, 176, 177, 181, 185, 189, 202, 208, 212, 218, 246, 253, 264, 292, 296, 300, 329, 358, 380, 384, 387, 388, 398, 419, 466, 503, 528, 542, 548, 567, 606, 673, 700], "summary": {"covered_lines": 67, "num_statements": 67, "percent_covered": 100.0, "percent_covered_display": "100", "missing_lines": 0, "excluded_lines": 2, "percent_statements_covered": 100.0, "percent_statements_covered_display": "100"}, "missing_lines": [], "excluded_lines": [38, 39], "start_line": 1}}, "classes": {"WebConfig": {"executed_lines": [], "summary": {"covered_lines": 0, "num_statements": 0, "percent_covered": 100.0, "percent_covered_display": "100", "missing_lines": 0, "excluded_lines": 0, "percent_statements_covered": 100.0, "percent_statements_covered_display": "100"}, "missing_lines": [], "excluded_lines": [], "start_line": 50}, "WebServer": {"executed_lines": [84, 85, 86, 87, 88, 89, 90, 91, 93, 96, 97, 98, 99, 101, 102, 104, 106, 107, 108, 120, 121, 122, 123, 124, 125, 126, 130, 131, 132, 133, 134, 135, 139, 141, 142, 147, 148, 149, 150, 162, 163, 165, 174, 179, 183, 187, 191, 192, 193, 194, 210, 255, 256, 258, 259, 266, 267, 268, 269, 289, 290, 294, 302, 307, 308, 309, 312, 314, 316, 317, 324, 325, 331, 332, 333, 334, 335, 336, 339, 340, 341, 342, 343, 344, 346, 347, 348, 349, 351, 352, 353, 354, 355, 356, 381, 382, 385, 390, 392, 403, 410, 411, 412, 413, 427, 428, 433, 436, 437, 439, 442, 443, 445, 446, 447, 448, 451, 452, 453, 454, 455, 456, 460, 471, 472, 473, 474, 476, 478, 481, 485, 487, 493, 494, 495, 509, 513, 514, 515, 517, 518, 519, 520, 521, 523, 524, 529, 538, 549, 563, 571, 572, 573, 577, 578, 579, 581, 582, 589, 590, 591, 613, 614, 618, 619, 626, 627, 629, 631, 632, 636, 637, 638, 639, 640, 641, 646, 647, 651, 652, 653, 657, 658, 659, 660, 661, 662], "summary": {"covered_lines": 187, "num_statements": 280, "percent_covered": 66.78571428571429, "percent_covered_display": "67", "missing_lines": 93, "excluded_lines": 0, "percent_statements_covered": 66.78571428571429, "percent_statements_covered_display": "67"}, "missing_lines": [140, 143, 144, 145, 146, 152, 153, 154, 195, 196, 204, 205, 206, 214, 215, 216, 224, 226, 227, 231, 240, 241, 242, 244, 248, 249, 250, 251, 260, 261, 262, 270, 271, 273, 274, 275, 276, 277, 279, 280, 281, 282, 283, 284, 285, 298, 360, 362, 363, 365, 366, 368, 369, 370, 372, 373, 375, 376, 378, 391, 404, 408, 409, 431, 432, 434, 438, 449, 450, 475, 488, 489, 490, 491, 496, 497, 510, 511, 516, 526, 543, 544, 574, 575, 583, 584, 587, 615, 616, 643, 644, 654, 655], "excluded_lines": [], "start_line": 71}, "": {"executed_lines": [20, 22, 23, 24, 25, 26, 27, 28, 29, 31, 32, 33, 34, 35, 36, 41, 43, 45, 46, 49, 50, 63, 64, 65, 66, 67, 68, 71, 79, 114, 128, 137, 156, 171, 172, 176, 177, 181, 185, 189, 202, 208, 212, 218, 246, 253, 264, 292, 296, 300, 329, 358, 380, 384, 387, 388, 398, 419, 466, 503, 528, 542, 548, 567, 606, 673, 680, 685, 686, 691, 692, 700], "summary": {"covered_lines": 72, "num_statements": 75, "percent_covered": 96.0, "percent_covered_display": "96", "missing_lines": 3, "excluded_lines": 2, "percent_statements_covered": 96.0, "percent_statements_covered_display": "96"}, "missing_lines": [711, 712, 713], "excluded_lines": [38, 39], "start_line": 1}}}, "src/icom_lan/web/websocket.py": {"executed_lines": [10, 12, 13, 14, 15, 17, 32, 34, 36, 37, 38, 39, 40, 41, 44, 48, 57, 58, 61, 72, 73, 75, 76, 77, 78, 80, 82, 85, 103, 104, 106, 108, 109, 112, 113, 114, 116, 119, 123, 124, 125, 127, 129, 130, 134, 137, 148, 153, 154, 155, 156, 157, 159, 174, 175, 176, 180, 184, 187, 188, 190, 191, 192, 193, 196, 198, 212, 218, 220, 226, 228, 236, 251, 252, 256, 266, 267, 268, 269, 270, 271, 272, 276, 277, 278], "summary": {"covered_lines": 85, "num_statements": 122, "percent_covered": 69.67213114754098, "percent_covered_display": "70", "missing_lines": 37, "excluded_lines": 0, "percent_statements_covered": 69.67213114754098, "percent_statements_covered_display": "70"}, "missing_lines": [110, 117, 118, 120, 121, 132, 177, 178, 181, 182, 185, 194, 195, 199, 200, 201, 202, 203, 204, 205, 206, 207, 209, 214, 215, 216, 234, 243, 244, 245, 246, 247, 248, 249, 254, 273, 274], "excluded_lines": [], "functions": {"make_accept_key": {"executed_lines": [57, 58], "summary": {"covered_lines": 2, "num_statements": 2, "percent_covered": 100.0, "percent_covered_display": "100", "missing_lines": 0, "excluded_lines": 0, "percent_statements_covered": 100.0, "percent_statements_covered_display": "100"}, "missing_lines": [], "excluded_lines": [], "start_line": 48}, "make_frame": {"executed_lines": [72, 73, 75, 76, 77, 78, 80, 82], "summary": {"covered_lines": 8, "num_statements": 8, "percent_covered": 100.0, "percent_covered_display": "100", "missing_lines": 0, "excluded_lines": 0, "percent_statements_covered": 100.0, "percent_statements_covered_display": "100"}, "missing_lines": [], "excluded_lines": [], "start_line": 61}, "_read_one_frame": {"executed_lines": [103, 104, 106, 108, 109, 112, 113, 114, 116, 119, 123, 124, 125, 127, 129, 130, 134], "summary": {"covered_lines": 17, "num_statements": 23, "percent_covered": 73.91304347826087, "percent_covered_display": "74", "missing_lines": 6, "excluded_lines": 0, "percent_statements_covered": 73.91304347826087, "percent_statements_covered_display": "74"}, "missing_lines": [110, 117, 118, 120, 121, 132], "excluded_lines": [], "start_line": 85}, "WebSocketConnection.__init__": {"executed_lines": [153, 154, 155, 156, 157], "summary": {"covered_lines": 5, "num_statements": 5, "percent_covered": 100.0, "percent_covered_display": "100", "missing_lines": 0, "excluded_lines": 0, "percent_statements_covered": 100.0, "percent_statements_covered_display": "100"}, "missing_lines": [], "excluded_lines": [], "start_line": 148}, "WebSocketConnection.recv": {"executed_lines": [174, 175, 176, 180, 184, 187, 188, 190, 191, 192, 193, 196, 198, 212, 218], "summary": {"covered_lines": 15, "num_statements": 35, "percent_covered": 42.857142857142854, "percent_covered_display": "43", "missing_lines": 20, "excluded_lines": 0, "percent_statements_covered": 42.857142857142854, "percent_statements_covered_display": "43"}, "missing_lines": [177, 178, 181, 182, 185, 194, 195, 199, 200, 201, 202, 203, 204, 205, 206, 207, 209, 214, 215, 216], "excluded_lines": [], "start_line": 159}, "WebSocketConnection.send_text": {"executed_lines": [226], "summary": {"covered_lines": 1, "num_statements": 1, "percent_covered": 100.0, "percent_covered_display": "100", "missing_lines": 0, "excluded_lines": 0, "percent_statements_covered": 100.0, "percent_statements_covered_display": "100"}, "missing_lines": [], "excluded_lines": [], "start_line": 220}, "WebSocketConnection.send_binary": {"executed_lines": [], "summary": {"covered_lines": 0, "num_statements": 1, "percent_covered": 0.0, "percent_covered_display": "0", "missing_lines": 1, "excluded_lines": 0, "percent_statements_covered": 0.0, "percent_statements_covered_display": "0"}, "missing_lines": [234], "excluded_lines": [], "start_line": 228}, "WebSocketConnection.close": {"executed_lines": [], "summary": {"covered_lines": 0, "num_statements": 7, "percent_covered": 0.0, "percent_covered_display": "0", "missing_lines": 7, "excluded_lines": 0, "percent_statements_covered": 0.0, "percent_statements_covered_display": "0"}, "missing_lines": [243, 244, 245, 246, 247, 248, 249], "excluded_lines": [], "start_line": 236}, "WebSocketConnection.closed": {"executed_lines": [], "summary": {"covered_lines": 0, "num_statements": 1, "percent_covered": 0.0, "percent_covered_display": "0", "missing_lines": 1, "excluded_lines": 0, "percent_statements_covered": 0.0, "percent_statements_covered_display": "0"}, "missing_lines": [254], "excluded_lines": [], "start_line": 252}, "WebSocketConnection.keepalive_loop": {"executed_lines": [266, 267, 268, 269, 270, 271, 272], "summary": {"covered_lines": 7, "num_statements": 9, "percent_covered": 77.77777777777777, "percent_covered_display": "78", "missing_lines": 2, "excluded_lines": 0, "percent_statements_covered": 77.77777777777777, "percent_statements_covered_display": "78"}, "missing_lines": [273, 274], "excluded_lines": [], "start_line": 256}, "WebSocketConnection._send_raw": {"executed_lines": [277, 278], "summary": {"covered_lines": 2, "num_statements": 2, "percent_covered": 100.0, "percent_covered_display": "100", "missing_lines": 0, "excluded_lines": 0, "percent_statements_covered": 100.0, "percent_statements_covered_display": "100"}, "missing_lines": [], "excluded_lines": [], "start_line": 276}, "": {"executed_lines": [10, 12, 13, 14, 15, 17, 32, 34, 36, 37, 38, 39, 40, 41, 44, 48, 61, 85, 137, 148, 159, 220, 228, 236, 251, 252, 256, 276], "summary": {"covered_lines": 28, "num_statements": 28, "percent_covered": 100.0, "percent_covered_display": "100", "missing_lines": 0, "excluded_lines": 0, "percent_statements_covered": 100.0, "percent_statements_covered_display": "100"}, "missing_lines": [], "excluded_lines": [], "start_line": 1}}, "classes": {"WebSocketError": {"executed_lines": [], "summary": {"covered_lines": 0, "num_statements": 0, "percent_covered": 100.0, "percent_covered_display": "100", "missing_lines": 0, "excluded_lines": 0, "percent_statements_covered": 100.0, "percent_statements_covered_display": "100"}, "missing_lines": [], "excluded_lines": [], "start_line": 44}, "WebSocketConnection": {"executed_lines": [153, 154, 155, 156, 157, 174, 175, 176, 180, 184, 187, 188, 190, 191, 192, 193, 196, 198, 212, 218, 226, 266, 267, 268, 269, 270, 271, 272, 277, 278], "summary": {"covered_lines": 30, "num_statements": 61, "percent_covered": 49.18032786885246, "percent_covered_display": "49", "missing_lines": 31, "excluded_lines": 0, "percent_statements_covered": 49.18032786885246, "percent_statements_covered_display": "49"}, "missing_lines": [177, 178, 181, 182, 185, 194, 195, 199, 200, 201, 202, 203, 204, 205, 206, 207, 209, 214, 215, 216, 234, 243, 244, 245, 246, 247, 248, 249, 254, 273, 274], "excluded_lines": [], "start_line": 137}, "": {"executed_lines": [10, 12, 13, 14, 15, 17, 32, 34, 36, 37, 38, 39, 40, 41, 44, 48, 57, 58, 61, 72, 73, 75, 76, 77, 78, 80, 82, 85, 103, 104, 106, 108, 109, 112, 113, 114, 116, 119, 123, 124, 125, 127, 129, 130, 134, 137, 148, 159, 220, 228, 236, 251, 252, 256, 276], "summary": {"covered_lines": 55, "num_statements": 61, "percent_covered": 90.1639344262295, "percent_covered_display": "90", "missing_lines": 6, "excluded_lines": 0, "percent_statements_covered": 90.1639344262295, "percent_statements_covered_display": "90"}, "missing_lines": [110, 117, 118, 120, 121, 132], "excluded_lines": [], "start_line": 1}}}}, "totals": {"covered_lines": 5098, "num_statements": 6667, "percent_covered": 76.46617669116544, "percent_covered_display": "76", "missing_lines": 1569, "excluded_lines": 46, "percent_statements_covered": 76.46617669116544, "percent_statements_covered_display": "76"}}